#
# There is insufficient memory for the Java Runtime Environment to continue.
# Native memory allocation (malloc) failed to allocate 962176 bytes for Chunk::new
# Possible reasons:
#   The system is out of physical RAM or swap space
#   In 32 bit mode, the process size limit was hit
# Possible solutions:
#   Reduce memory load on the system
#   Increase physical memory or swap space
#   Check if swap backing store is full
#   Use 64 bit Java on a 64 bit OS
#   Decrease Java heap size (-Xmx/-Xms)
#   Decrease number of Java threads
#   Decrease Java thread stack sizes (-Xss)
#   Set larger code cache with -XX:ReservedCodeCacheSize=
# This output file may be truncated or incomplete.
#
#  Out of Memory Error (allocation.cpp:390), pid=8960, tid=0x0000000000000e0c
#
# JRE version: OpenJDK Runtime Environment (8.0_152-b01) (build 1.8.0_152-release-915-b01)
# Java VM: OpenJDK 64-Bit Server VM (25.152-b01 mixed mode windows-amd64 compressed oops)
# Failed to write core dump. Minidumps are not enabled by default on client versions of Windows
#

---------------  T H R E A D  ---------------

Current thread (0x0000000014f0e000):  JavaThread "C2 CompilerThread0" daemon [_thread_in_native, id=3596, stack(0x0000000016570000,0x0000000016670000)]

Stack: [0x0000000016570000,0x0000000016670000]
[error occurred during error reporting (printing stack bounds), id 0xc0000005]

Native frames: (J=compiled Java code, j=interpreted, Vv=VM code, C=native code)


Current CompileTask:
C2:   5313  901       4       org.objectweb.asm.ClassReader::a (3587 bytes)


---------------  P R O C E S S  ---------------

Java Threads: ( => current thread )
  0x0000000014f6d000 JavaThread "Service Thread" daemon [_thread_blocked, id=7624, stack(0x0000000016c70000,0x0000000016d70000)]
  0x0000000016780800 JavaThread "C1 CompilerThread2" daemon [_thread_in_native, id=13268, stack(0x0000000016b70000,0x0000000016c70000)]
  0x0000000014f10000 JavaThread "C2 CompilerThread1" daemon [_thread_in_native, id=4076, stack(0x0000000016670000,0x0000000016770000)]
=>0x0000000014f0e000 JavaThread "C2 CompilerThread0" daemon [_thread_in_native, id=3596, stack(0x0000000016570000,0x0000000016670000)]
  0x0000000014f0c000 JavaThread "Attach Listener" daemon [_thread_blocked, id=372, stack(0x0000000016470000,0x0000000016570000)]
  0x0000000014f1a800 JavaThread "Signal Dispatcher" daemon [_thread_blocked, id=2316, stack(0x0000000016370000,0x0000000016470000)]
  0x0000000014ef8800 JavaThread "Finalizer" daemon [_thread_blocked, id=11652, stack(0x0000000016160000,0x0000000016260000)]
  0x0000000004ba5000 JavaThread "Reference Handler" daemon [_thread_blocked, id=12428, stack(0x0000000016060000,0x0000000016160000)]
  0x0000000004ab4000 JavaThread "main" [_thread_in_native, id=6788, stack(0x00000000049b0000,0x0000000004ab0000)]

Other Threads:
  0x0000000014ed5000 VMThread [stack: 0x0000000015f60000,0x0000000016060000] [id=9460]
  0x0000000016781800 WatcherThread [stack: 0x0000000016d70000,0x0000000016e70000] [id=13096]

VM state:not at safepoint (normal execution)

VM Mutex/Monitor currently owned by a thread: None

Heap:
 PSYoungGen      total 18944K, used 8344K [0x00000000feb00000, 0x0000000100000000, 0x0000000100000000)
  eden space 16384K, 35% used [0x00000000feb00000,0x00000000ff0ab948,0x00000000ffb00000)
  from space 2560K, 99% used [0x00000000ffd80000,0x00000000ffffa7f0,0x0000000100000000)
  to   space 2560K, 0% used [0x00000000ffb00000,0x00000000ffb00000,0x00000000ffd80000)
 ParOldGen       total 44032K, used 4910K [0x00000000fc000000, 0x00000000feb00000, 0x00000000feb00000)
  object space 44032K, 11% used [0x00000000fc000000,0x00000000fc4cbba8,0x00000000feb00000)
 Metaspace       used 7589K, capacity 7716K, committed 7936K, reserved 1056768K
  class space    used 872K, capacity 956K, committed 1024K, reserved 1048576K

Card table byte_map: [0x0000000004830000,0x0000000004860000] byte_map_base: 0x0000000004050000

Marking Bits: (ParMarkBitMap*) 0x0000000067cc3950
 Begin Bits: [0x0000000014370000, 0x0000000014470000)
 End Bits:   [0x0000000014470000, 0x0000000014570000)

Polling page: 0x00000000030c0000

CodeCache: size=245760Kb used=3720Kb max_used=3720Kb free=242039Kb
 bounds [0x0000000004bb0000, 0x0000000004f60000, 0x0000000013bb0000]
 total_blobs=1315 nmethods=984 adapters=245
 compilation: enabled

Compilation events (10 events):
Event: 5.118 Thread 0x0000000016780800  921       3       org.objectweb.asm.ClassWriter::visitInnerClass (118 bytes)
Event: 5.119 Thread 0x0000000016780800 nmethod 921 0x0000000004f2e9d0 code [0x0000000004f2ebc0, 0x0000000004f2f328]
Event: 5.120 Thread 0x0000000016780800  926       3       org.objectweb.asm.FieldWriter::a (262 bytes)
Event: 5.121 Thread 0x0000000016780800 nmethod 926 0x0000000004f2f750 code [0x0000000004f2f9e0, 0x0000000004f308e8]
Event: 5.121 Thread 0x0000000016780800  927       3       org.objectweb.asm.FieldWriter::a (475 bytes)
Event: 5.123 Thread 0x0000000016780800 nmethod 927 0x0000000004f31090 code [0x0000000004f31440, 0x0000000004f32878]
Event: 5.123 Thread 0x0000000016780800  929       3       org.objectweb.asm.MethodVisitor::visitIntInsn (17 bytes)
Event: 5.123 Thread 0x0000000016780800 nmethod 929 0x0000000004f331d0 code [0x0000000004f33340, 0x0000000004f335a8]
Event: 5.123 Thread 0x0000000016780800  928       1       java.nio.Buffer::capacity (5 bytes)
Event: 5.124 Thread 0x0000000016780800 nmethod 928 0x0000000004f043d0 code [0x0000000004f04520, 0x0000000004f04630]

GC Heap History (4 events):
Event: 3.901 GC heap before
{Heap before GC invocations=1 (full 0):
 PSYoungGen      total 18944K, used 16384K [0x00000000feb00000, 0x0000000100000000, 0x0000000100000000)
  eden space 16384K, 100% used [0x00000000feb00000,0x00000000ffb00000,0x00000000ffb00000)
  from space 2560K, 0% used [0x00000000ffd80000,0x00000000ffd80000,0x0000000100000000)
  to   space 2560K, 0% used [0x00000000ffb00000,0x00000000ffb00000,0x00000000ffd80000)
 ParOldGen       total 44032K, used 0K [0x00000000fc000000, 0x00000000feb00000, 0x00000000feb00000)
  object space 44032K, 0% used [0x00000000fc000000,0x00000000fc000000,0x00000000feb00000)
 Metaspace       used 6522K, capacity 6678K, committed 6784K, reserved 1056768K
  class space    used 768K, capacity 823K, committed 896K, reserved 1048576K
Event: 3.940 GC heap after
Heap after GC invocations=1 (full 0):
 PSYoungGen      total 18944K, used 2528K [0x00000000feb00000, 0x0000000100000000, 0x0000000100000000)
  eden space 16384K, 0% used [0x00000000feb00000,0x00000000feb00000,0x00000000ffb00000)
  from space 2560K, 98% used [0x00000000ffb00000,0x00000000ffd78030,0x00000000ffd80000)
  to   space 2560K, 0% used [0x00000000ffd80000,0x00000000ffd80000,0x0000000100000000)
 ParOldGen       total 44032K, used 1627K [0x00000000fc000000, 0x00000000feb00000, 0x00000000feb00000)
  object space 44032K, 3% used [0x00000000fc000000,0x00000000fc196d48,0x00000000feb00000)
 Metaspace       used 6522K, capacity 6678K, committed 6784K, reserved 1056768K
  class space    used 768K, capacity 823K, committed 896K, reserved 1048576K
}
Event: 5.065 GC heap before
{Heap before GC invocations=2 (full 0):
 PSYoungGen      total 18944K, used 18912K [0x00000000feb00000, 0x0000000100000000, 0x0000000100000000)
  eden space 16384K, 100% used [0x00000000feb00000,0x00000000ffb00000,0x00000000ffb00000)
  from space 2560K, 98% used [0x00000000ffb00000,0x00000000ffd78030,0x00000000ffd80000)
  to   space 2560K, 0% used [0x00000000ffd80000,0x00000000ffd80000,0x0000000100000000)
 ParOldGen       total 44032K, used 1627K [0x00000000fc000000, 0x00000000feb00000, 0x00000000feb00000)
  object space 44032K, 3% used [0x00000000fc000000,0x00000000fc196d48,0x00000000feb00000)
 Metaspace       used 7561K, capacity 7716K, committed 7936K, reserved 1056768K
  class space    used 872K, capacity 956K, committed 1024K, reserved 1048576K
Event: 5.071 GC heap after
Heap after GC invocations=2 (full 0):
 PSYoungGen      total 18944K, used 2537K [0x00000000feb00000, 0x0000000100000000, 0x0000000100000000)
  eden space 16384K, 0% used [0x00000000feb00000,0x00000000feb00000,0x00000000ffb00000)
  from space 2560K, 99% used [0x00000000ffd80000,0x00000000ffffa7f0,0x0000000100000000)
  to   space 2560K, 0% used [0x00000000ffb00000,0x00000000ffb00000,0x00000000ffd80000)
 ParOldGen       total 44032K, used 4910K [0x00000000fc000000, 0x00000000feb00000, 0x00000000feb00000)
  object space 44032K, 11% used [0x00000000fc000000,0x00000000fc4cbba8,0x00000000feb00000)
 Metaspace       used 7561K, capacity 7716K, committed 7936K, reserved 1056768K
  class space    used 872K, capacity 956K, committed 1024K, reserved 1048576K
}

Deoptimization events (10 events):
Event: 3.787 Thread 0x0000000004ab4000 Uncommon trap: reason=unstable_if action=reinterpret pc=0x0000000004dcf0ac method=java.util.zip.ZipFile$ZipEntryIterator.hasNext()Z @ 25
Event: 3.787 Thread 0x0000000004ab4000 Uncommon trap: reason=unstable_if action=reinterpret pc=0x0000000004dd90f8 method=java.util.zip.ZipCoder.decoder()Ljava/nio/charset/CharsetDecoder; @ 4
Event: 3.787 Thread 0x0000000004ab4000 Uncommon trap: reason=unstable_if action=reinterpret pc=0x0000000004dcebd8 method=java.util.zip.ZipEntry.setExtra0([BZ)V @ 1
Event: 3.805 Thread 0x0000000004ab4000 Uncommon trap: reason=unstable_if action=reinterpret pc=0x0000000004dd2748 method=java.util.zip.ZipFile$ZipEntryIterator.hasNext()Z @ 25
Event: 3.805 Thread 0x0000000004ab4000 Uncommon trap: reason=unstable_if action=reinterpret pc=0x0000000004dd33ac method=java.util.zip.ZipCoder.decoder()Ljava/nio/charset/CharsetDecoder; @ 4
Event: 3.808 Thread 0x0000000004ab4000 Uncommon trap: reason=unstable_if action=reinterpret pc=0x0000000004dcfafc method=java.util.zip.ZipCoder.decoder()Ljava/nio/charset/CharsetDecoder; @ 4
Event: 4.019 Thread 0x0000000004ab4000 Uncommon trap: reason=unstable_if action=reinterpret pc=0x0000000004df4cc8 method=java.util.HashMap$HashIterator.nextNode()Ljava/util/HashMap$Node; @ 74
Event: 4.130 Thread 0x0000000004ab4000 Uncommon trap: reason=unstable_if action=reinterpret pc=0x0000000004def488 method=java.util.HashMap$HashIterator.nextNode()Ljava/util/HashMap$Node; @ 74
Event: 4.417 Thread 0x0000000004ab4000 Uncommon trap: reason=unloaded action=reinterpret pc=0x0000000004de483c method=java.util.zip.ZipEntry.setExtra0([BZ)V @ 37
Event: 4.480 Thread 0x0000000004ab4000 Uncommon trap: reason=unstable_if action=reinterpret pc=0x0000000004d81ff8 method=java.lang.String.<init>([CII)V @ 18

Classes redefined (0 events):
No events

Internal exceptions (10 events):
Event: 4.103 Thread 0x0000000004ab4000 Exception <a 'sun/nio/fs/WindowsException'> (0x00000000ff156700) thrown at [D:\src\AOSP-openjdk-cygwin\jdk8u\hotspot\src\share\vm\prims\jni.cpp, line 709]
Event: 4.103 Thread 0x0000000004ab4000 Exception <a 'sun/nio/fs/WindowsException'> (0x00000000ff156cd8) thrown at [D:\src\AOSP-openjdk-cygwin\jdk8u\hotspot\src\share\vm\prims\jni.cpp, line 709]
Event: 4.103 Thread 0x0000000004ab4000 Exception <a 'sun/nio/fs/WindowsException'> (0x00000000ff1574a8) thrown at [D:\src\AOSP-openjdk-cygwin\jdk8u\hotspot\src\share\vm\prims\jni.cpp, line 709]
Event: 4.103 Thread 0x0000000004ab4000 Exception <a 'sun/nio/fs/WindowsException'> (0x00000000ff157a58) thrown at [D:\src\AOSP-openjdk-cygwin\jdk8u\hotspot\src\share\vm\prims\jni.cpp, line 709]
Event: 4.103 Thread 0x0000000004ab4000 Exception <a 'sun/nio/fs/WindowsException'> (0x00000000ff158208) thrown at [D:\src\AOSP-openjdk-cygwin\jdk8u\hotspot\src\share\vm\prims\jni.cpp, line 709]
Event: 4.154 Thread 0x0000000004ab4000 Exception <a 'sun/nio/fs/WindowsException'> (0x00000000ff15d5e0) thrown at [D:\src\AOSP-openjdk-cygwin\jdk8u\hotspot\src\share\vm\prims\jni.cpp, line 709]
Event: 4.457 Thread 0x0000000004ab4000 Exception <a 'sun/nio/fs/WindowsException'> (0x00000000ff49a800) thrown at [D:\src\AOSP-openjdk-cygwin\jdk8u\hotspot\src\share\vm\prims\jni.cpp, line 709]
Event: 4.457 Thread 0x0000000004ab4000 Exception <a 'sun/nio/fs/WindowsException'> (0x00000000ff49ad88) thrown at [D:\src\AOSP-openjdk-cygwin\jdk8u\hotspot\src\share\vm\prims\jni.cpp, line 709]
Event: 4.892 Thread 0x0000000004ab4000 Exception <a 'sun/nio/fs/WindowsException'> (0x00000000ff7bb200) thrown at [D:\src\AOSP-openjdk-cygwin\jdk8u\hotspot\src\share\vm\prims\jni.cpp, line 709]
Event: 4.893 Thread 0x0000000004ab4000 Exception <a 'sun/nio/fs/WindowsException'> (0x00000000ff7bb708) thrown at [D:\src\AOSP-openjdk-cygwin\jdk8u\hotspot\src\share\vm\prims\jni.cpp, line 709]

Events (10 events):
Event: 4.790 loading class com/google/common/io/ByteArrayDataInput
Event: 4.790 loading class com/google/common/io/ByteArrayDataInput done
Event: 4.791 loading class java/util/Vector$Itr
Event: 4.791 loading class java/util/Vector$Itr done
Event: 5.064 Executing VM operation: ParallelGCFailedAllocation
Event: 5.071 Executing VM operation: ParallelGCFailedAllocation done
Event: 5.071 Executing VM operation: RevokeBias
Event: 5.071 Executing VM operation: RevokeBias done
Event: 5.072 Executing VM operation: RevokeBias
Event: 5.072 Executing VM operation: RevokeBias done


Dynamic libraries:
0x00007ff75e370000 - 0x00007ff75e3a1000 	C:\Program Files\PROGRAMY\Android\Android Studio\jre\bin\java.exe
0x00007ffa8b260000 - 0x00007ffa8b440000 	C:\WINDOWS\SYSTEM32\ntdll.dll
0x00007ffa8a880000 - 0x00007ffa8a92e000 	C:\WINDOWS\System32\KERNEL32.DLL
0x00007ffa88390000 - 0x00007ffa885f6000 	C:\WINDOWS\System32\KERNELBASE.dll
0x00007ffa88730000 - 0x00007ffa887d1000 	C:\WINDOWS\System32\ADVAPI32.dll
0x00007ffa8afa0000 - 0x00007ffa8b03d000 	C:\WINDOWS\System32\msvcrt.dll
0x00007ffa8af40000 - 0x00007ffa8af9b000 	C:\WINDOWS\System32\sechost.dll
0x00007ffa8a760000 - 0x00007ffa8a87f000 	C:\WINDOWS\System32\RPCRT4.dll
0x00007ffa89190000 - 0x00007ffa8931f000 	C:\WINDOWS\System32\USER32.dll
0x00007ffa87830000 - 0x00007ffa87850000 	C:\WINDOWS\System32\win32u.dll
0x00007ffa88d90000 - 0x00007ffa88db8000 	C:\WINDOWS\System32\GDI32.dll
0x00007ffa880a0000 - 0x00007ffa88234000 	C:\WINDOWS\System32\gdi32full.dll
0x00007ffa87850000 - 0x00007ffa878eb000 	C:\WINDOWS\System32\msvcp_win.dll
0x00007ffa88290000 - 0x00007ffa88386000 	C:\WINDOWS\System32\ucrtbase.dll
0x00007ffa7c920000 - 0x00007ffa7cb89000 	C:\WINDOWS\WinSxS\amd64_microsoft.windows.common-controls_6595b64144ccf1df_6.0.16299.64_none_cc9304e22215ca8f\COMCTL32.dll
0x00007ffa88e80000 - 0x00007ffa89188000 	C:\WINDOWS\System32\combase.dll
0x00007ffa88600000 - 0x00007ffa88672000 	C:\WINDOWS\System32\bcryptPrimitives.dll
0x00007ffa8af10000 - 0x00007ffa8af3d000 	C:\WINDOWS\System32\IMM32.DLL
0x0000000067340000 - 0x0000000067412000 	C:\Program Files\PROGRAMY\Android\Android Studio\jre\jre\bin\msvcr100.dll
0x0000000067500000 - 0x0000000067d3e000 	C:\Program Files\PROGRAMY\Android\Android Studio\jre\jre\bin\server\jvm.dll
0x00007ffa8b220000 - 0x00007ffa8b228000 	C:\WINDOWS\System32\PSAPI.DLL
0x00007ffa73de0000 - 0x00007ffa73de9000 	C:\WINDOWS\SYSTEM32\WSOCK32.dll
0x00007ffa8aea0000 - 0x00007ffa8af0c000 	C:\WINDOWS\System32\WS2_32.dll
0x00007ffa85a00000 - 0x00007ffa85a23000 	C:\WINDOWS\SYSTEM32\WINMM.dll
0x00007ffa85950000 - 0x00007ffa8597a000 	C:\WINDOWS\SYSTEM32\WINMMBASE.dll
0x00007ffa88240000 - 0x00007ffa8828a000 	C:\WINDOWS\System32\cfgmgr32.dll
0x00007ffa7e9a0000 - 0x00007ffa7e9aa000 	C:\WINDOWS\SYSTEM32\VERSION.dll
0x00007ffa7d2b0000 - 0x00007ffa7d2bf000 	C:\Program Files\PROGRAMY\Android\Android Studio\jre\jre\bin\verify.dll
0x00007ffa6f570000 - 0x00007ffa6f599000 	C:\Program Files\PROGRAMY\Android\Android Studio\jre\jre\bin\java.dll
0x00007ffa6f550000 - 0x00007ffa6f566000 	C:\Program Files\PROGRAMY\Android\Android Studio\jre\jre\bin\zip.dll
0x00007ffa89320000 - 0x00007ffa8a757000 	C:\WINDOWS\System32\SHELL32.dll
0x00007ffa8ad80000 - 0x00007ffa8ae26000 	C:\WINDOWS\System32\shcore.dll
0x00007ffa87950000 - 0x00007ffa88097000 	C:\WINDOWS\System32\windows.storage.dll
0x00007ffa88b00000 - 0x00007ffa88b51000 	C:\WINDOWS\System32\shlwapi.dll
0x00007ffa87640000 - 0x00007ffa87651000 	C:\WINDOWS\System32\kernel.appcore.dll
0x00007ffa875d0000 - 0x00007ffa8761c000 	C:\WINDOWS\System32\powrprof.dll
0x00007ffa875b0000 - 0x00007ffa875cb000 	C:\WINDOWS\System32\profapi.dll
0x00007ffa86fa0000 - 0x00007ffa86fb7000 	C:\WINDOWS\SYSTEM32\CRYPTSP.dll
0x00007ffa869f0000 - 0x00007ffa86a23000 	C:\WINDOWS\system32\rsaenh.dll
0x00007ffa870b0000 - 0x00007ffa870d5000 	C:\WINDOWS\SYSTEM32\bcrypt.dll
0x00007ffa874e0000 - 0x00007ffa87509000 	C:\WINDOWS\SYSTEM32\USERENV.dll
0x00007ffa86fc0000 - 0x00007ffa86fcb000 	C:\WINDOWS\SYSTEM32\CRYPTBASE.dll
0x00007ffa6f530000 - 0x00007ffa6f54a000 	C:\Program Files\PROGRAMY\Android\Android Studio\jre\jre\bin\net.dll
0x00007ffa86de0000 - 0x00007ffa86e46000 	C:\WINDOWS\system32\mswsock.dll
0x00007ffa86b70000 - 0x00007ffa86ba9000 	C:\WINDOWS\SYSTEM32\IPHLPAPI.DLL
0x00007ffa88950000 - 0x00007ffa88958000 	C:\WINDOWS\System32\NSI.dll
0x00007ffa83050000 - 0x00007ffa83066000 	C:\WINDOWS\SYSTEM32\dhcpcsvc6.DLL
0x00007ffa83030000 - 0x00007ffa8304a000 	C:\WINDOWS\SYSTEM32\dhcpcsvc.DLL
0x00007ffa6f510000 - 0x00007ffa6f521000 	C:\Program Files\PROGRAMY\Android\Android Studio\jre\jre\bin\nio.dll

VM Arguments:
jvm_args: -Djava.awt.headless=true -Xmx64M -Dfile.encoding=windows-1250 -Duser.country=PL -Duser.language=pl -Duser.variant 
java_command: com.google.devtools.build.android.desugar.Desugar --input C:\Users\micha\GIT\GitHub\books\app\build\intermediates\transforms\stackFramesFixer\debug\10.jar --output C:\Users\micha\GIT\GitHub\books\app\build\intermediates\transforms\desugar\debug\11.jar --input C:\Users\micha\GIT\GitHub\books\app\build\intermediates\transforms\stackFramesFixer\debug\28.jar --output C:\Users\micha\GIT\GitHub\books\app\build\intermediates\transforms\desugar\debug\29.jar --input C:\Users\micha\GIT\GitHub\books\app\build\intermediates\transforms\stackFramesFixer\debug\33.jar --output C:\Users\micha\GIT\GitHub\books\app\build\intermediates\transforms\desugar\debug\34.jar --input C:\Users\micha\GIT\GitHub\books\app\build\intermediates\transforms\stackFramesFixer\debug\14.jar --output C:\Users\micha\GIT\GitHub\books\app\build\intermediates\transforms\desugar\debug\15.jar --input C:\Users\micha\GIT\GitHub\books\app\build\intermediates\transforms\stackFramesFixer\debug\19.jar --output C:\Users\micha\GIT\GitHub\books\app\build\intermediates\transforms\desugar\debug\20.jar --input C:\Users\micha\GIT\GitHub\books\app\build\intermediates\transforms\stackFramesFixer\debug\6.jar --output C:\Users\micha\GIT\GitHub\books\app\build\intermediates\transforms\desugar\debug\7.jar --input C:\Users\micha\GIT\GitHub\books\app\build\intermediates\transforms\stackFramesFixer\debug\7.jar --output C:\Users\micha\GIT\GitHub\books\app\build\intermediates\transforms\desugar\debug\8.jar --input C:\Users\micha\GIT\GitHub\books\app\build\intermediates\transforms\stackFramesFixer\debug\25.jar --output C:\Users\micha\GIT\GitHub\books\app\build\intermediates\transforms\desugar\debug\26.jar --input C:\Users\micha\GIT\GitHub\books\app\build\intermediates\transforms\stackFramesFixer\debug\32.jar --output C:\Users\micha\GIT\GitHub\books\app\build\intermediates\transforms\desugar\debug\33.jar --input C:\Users\micha\GIT\GitHub\books\app\build\intermediates\transforms\stackFramesFixer\debug\21.jar --output C:\Use
java_class_path (initial): C:\Users\micha\AppData\Local\Temp\desugar_deploy.jar701461765209681246
Launcher Type: SUN_STANDARD

Environment Variables:
PATH=C:\ProgramData\Oracle\Java\javapath;C:\WINDOWS\system32;C:\WINDOWS;C:\WINDOWS\System32\Wbem;C:\WINDOWS\System32\WindowsPowerShell\v1.0\;C:\Program Files\Microsoft SQL Server\130\Tools\Binn\;C:\Program Files\PROGRAMY\OpenVPN\bin;C:\Program Files\dotnet\;C:\Program Files\PROGRAMY\TortoiseGit\bin;C:\Program Files\Git\cmd;C:\Users\micha\AppData\Local\Microsoft\WindowsApps;;C:\Program Files (x86)\Microsoft VS Code\bin
USERNAME=micha
OS=Windows_NT
PROCESSOR_IDENTIFIER=Intel64 Family 6 Model 58 Stepping 9, GenuineIntel



---------------  S Y S T E M  ---------------

OS: Windows 10.0 , 64 bit Build 16299 (10.0.16299.15)

CPU:total 4 (initial active 4) (2 cores per cpu, 2 threads per core) family 6 model 58 stepping 9, cmov, cx8, fxsr, mmx, sse, sse2, sse3, ssse3, sse4.1, sse4.2, popcnt, avx, aes, clmul, erms, ht, tsc, tscinvbit, tscinv

Memory: 4k page, physical 12483264k(2039356k free), swap 12483264k(804k free)

vm_info: OpenJDK 64-Bit Server VM (25.152-b01) for windows-amd64 JRE (1.8.0_152-release-915-b01), built by "builder" with MS VC++ 10.0 (VS2010)

time: Tue Dec 05 13:28:59 2017
elapsed time: 5 seconds (0d 0h 0m 5s)

