#
# There is insufficient memory for the Java Runtime Environment to continue.
# Native memory allocation (malloc) failed to allocate 33776 bytes for Chunk::new
# Possible reasons:
#   The system is out of physical RAM or swap space
#   In 32 bit mode, the process size limit was hit
# Possible solutions:
#   Reduce memory load on the system
#   Increase physical memory or swap space
#   Check if swap backing store is full
#   Use 64 bit Java on a 64 bit OS
#   Decrease Java heap size (-Xmx/-Xms)
#   Decrease number of Java threads
#   Decrease Java thread stack sizes (-Xss)
#   Set larger code cache with -XX:ReservedCodeCacheSize=
# This output file may be truncated or incomplete.
#
#  Out of Memory Error (allocation.cpp:390), pid=17376, tid=0x00000000000024a8
#
# JRE version: OpenJDK Runtime Environment (8.0_152-b01) (build 1.8.0_152-release-915-b01)
# Java VM: OpenJDK 64-Bit Server VM (25.152-b01 mixed mode windows-amd64 compressed oops)
# Failed to write core dump. Minidumps are not enabled by default on client versions of Windows
#

---------------  T H R E A D  ---------------

Current thread (0x0000000014ede000):  JavaThread "C2 CompilerThread0" daemon [_thread_in_native, id=9384, stack(0x0000000016540000,0x0000000016640000)]

Stack: [0x0000000016540000,0x0000000016640000]
[error occurred during error reporting (printing stack bounds), id 0xc0000005]

Native frames: (J=compiled Java code, j=interpreted, Vv=VM code, C=native code)


Current CompileTask:
C2:   4212  924       4       org.objectweb.asm.ClassWriter::b (152 bytes)


---------------  P R O C E S S  ---------------

Java Threads: ( => current thread )
  0x0000000016647000 JavaThread "Service Thread" daemon [_thread_blocked, id=1088, stack(0x0000000016c40000,0x0000000016d40000)]
  0x0000000016642800 JavaThread "C1 CompilerThread2" daemon [_thread_in_native, id=15848, stack(0x0000000016b40000,0x0000000016c40000)]
  0x0000000014f3e000 JavaThread "C2 CompilerThread1" daemon [_thread_in_native, id=13372, stack(0x0000000016a40000,0x0000000016b40000)]
=>0x0000000014ede000 JavaThread "C2 CompilerThread0" daemon [_thread_in_native, id=9384, stack(0x0000000016540000,0x0000000016640000)]
  0x0000000014edc000 JavaThread "Attach Listener" daemon [_thread_blocked, id=10416, stack(0x0000000016440000,0x0000000016540000)]
  0x0000000014eea800 JavaThread "Signal Dispatcher" daemon [_thread_blocked, id=10532, stack(0x0000000016340000,0x0000000016440000)]
  0x0000000014ec8000 JavaThread "Finalizer" daemon [_thread_blocked, id=11660, stack(0x0000000016140000,0x0000000016240000)]
  0x0000000004b74800 JavaThread "Reference Handler" daemon [_thread_blocked, id=13120, stack(0x0000000016040000,0x0000000016140000)]
  0x0000000004a84000 JavaThread "main" [_thread_in_vm, id=10624, stack(0x00000000047b0000,0x00000000048b0000)]

Other Threads:
  0x0000000014ea5000 VMThread [stack: 0x0000000015f40000,0x0000000016040000] [id=16684]
  0x0000000016649800 WatcherThread [stack: 0x0000000016d40000,0x0000000016e40000] [id=10012]

VM state:not at safepoint (normal execution)

VM Mutex/Monitor currently owned by a thread: None

Heap:
 PSYoungGen      total 18944K, used 4257K [0x00000000feb00000, 0x0000000100000000, 0x0000000100000000)
  eden space 16384K, 10% used [0x00000000feb00000,0x00000000fecadd28,0x00000000ffb00000)
  from space 2560K, 99% used [0x00000000ffd80000,0x00000000ffffa7f0,0x0000000100000000)
  to   space 2560K, 0% used [0x00000000ffb00000,0x00000000ffb00000,0x00000000ffd80000)
 ParOldGen       total 44032K, used 4790K [0x00000000fc000000, 0x00000000feb00000, 0x00000000feb00000)
  object space 44032K, 10% used [0x00000000fc000000,0x00000000fc4adbc0,0x00000000feb00000)
 Metaspace       used 7561K, capacity 7776K, committed 7936K, reserved 1056768K
  class space    used 873K, capacity 956K, committed 1024K, reserved 1048576K

Card table byte_map: [0x0000000002a90000,0x0000000002ac0000] byte_map_base: 0x00000000022b0000

Marking Bits: (ParMarkBitMap*) 0x0000000051663950
 Begin Bits: [0x0000000014340000, 0x0000000014440000)
 End Bits:   [0x0000000014440000, 0x0000000014540000)

Polling page: 0x0000000002a60000

CodeCache: size=245760Kb used=3489Kb max_used=3489Kb free=242270Kb
 bounds [0x0000000004b80000, 0x0000000004ef0000, 0x0000000013b80000]
 total_blobs=1257 nmethods=926 adapters=245
 compilation: enabled

Compilation events (10 events):
Event: 4.165 Thread 0x0000000016642800 nmethod 925 0x0000000004ee43d0 code [0x0000000004ee4580, 0x0000000004ee4bd8]
Event: 4.165 Thread 0x0000000016642800  926       3       org.objectweb.asm.MethodWriter::visitEnd (1 bytes)
Event: 4.165 Thread 0x0000000016642800 nmethod 926 0x0000000004ee4e10 code [0x0000000004ee4f60, 0x0000000004ee50b0]
Event: 4.165 Thread 0x0000000016642800  927       3       com.google.devtools.build.android.desugar.LambdaDesugaring$InvokedynamicRewriter::<init> (42 bytes)
Event: 4.166 Thread 0x0000000016642800 nmethod 927 0x0000000004ee5150 code [0x0000000004ee5320, 0x0000000004ee5b08]
Event: 4.167 Thread 0x0000000014ede000 nmethod 921 0x0000000004ee8e90 code [0x0000000004ee8fe0, 0x0000000004ee9308]
Event: 4.167 Thread 0x0000000014ede000  924       4       org.objectweb.asm.ClassWriter::b (152 bytes)
Event: 4.167 Thread 0x0000000016642800  928       3       org.objectweb.asm.MethodWriter::a (845 bytes)
Event: 4.171 Thread 0x0000000016642800 nmethod 928 0x0000000004ee95d0 code [0x0000000004ee9a40, 0x0000000004eebdc8]
Event: 4.171 Thread 0x0000000016642800  929       3       org.objectweb.asm.MethodWriter::a (1609 bytes)

GC Heap History (4 events):
Event: 2.440 GC heap before
{Heap before GC invocations=1 (full 0):
 PSYoungGen      total 18944K, used 16384K [0x00000000feb00000, 0x0000000100000000, 0x0000000100000000)
  eden space 16384K, 100% used [0x00000000feb00000,0x00000000ffb00000,0x00000000ffb00000)
  from space 2560K, 0% used [0x00000000ffd80000,0x00000000ffd80000,0x0000000100000000)
  to   space 2560K, 0% used [0x00000000ffb00000,0x00000000ffb00000,0x00000000ffd80000)
 ParOldGen       total 44032K, used 0K [0x00000000fc000000, 0x00000000feb00000, 0x00000000feb00000)
  object space 44032K, 0% used [0x00000000fc000000,0x00000000fc000000,0x00000000feb00000)
 Metaspace       used 6526K, capacity 6674K, committed 6784K, reserved 1056768K
  class space    used 769K, capacity 823K, committed 896K, reserved 1048576K
Event: 2.446 GC heap after
Heap after GC invocations=1 (full 0):
 PSYoungGen      total 18944K, used 2528K [0x00000000feb00000, 0x0000000100000000, 0x0000000100000000)
  eden space 16384K, 0% used [0x00000000feb00000,0x00000000feb00000,0x00000000ffb00000)
  from space 2560K, 98% used [0x00000000ffb00000,0x00000000ffd78030,0x00000000ffd80000)
  to   space 2560K, 0% used [0x00000000ffd80000,0x00000000ffd80000,0x0000000100000000)
 ParOldGen       total 44032K, used 1628K [0x00000000fc000000, 0x00000000feb00000, 0x00000000feb00000)
  object space 44032K, 3% used [0x00000000fc000000,0x00000000fc197058,0x00000000feb00000)
 Metaspace       used 6526K, capacity 6674K, committed 6784K, reserved 1056768K
  class space    used 769K, capacity 823K, committed 896K, reserved 1048576K
}
Event: 4.154 GC heap before
{Heap before GC invocations=2 (full 0):
 PSYoungGen      total 18944K, used 18912K [0x00000000feb00000, 0x0000000100000000, 0x0000000100000000)
  eden space 16384K, 100% used [0x00000000feb00000,0x00000000ffb00000,0x00000000ffb00000)
  from space 2560K, 98% used [0x00000000ffb00000,0x00000000ffd78030,0x00000000ffd80000)
  to   space 2560K, 0% used [0x00000000ffd80000,0x00000000ffd80000,0x0000000100000000)
 ParOldGen       total 44032K, used 1628K [0x00000000fc000000, 0x00000000feb00000, 0x00000000feb00000)
  object space 44032K, 3% used [0x00000000fc000000,0x00000000fc197058,0x00000000feb00000)
 Metaspace       used 7544K, capacity 7776K, committed 7936K, reserved 1056768K
  class space    used 873K, capacity 956K, committed 1024K, reserved 1048576K
Event: 4.160 GC heap after
Heap after GC invocations=2 (full 0):
 PSYoungGen      total 18944K, used 2537K [0x00000000feb00000, 0x0000000100000000, 0x0000000100000000)
  eden space 16384K, 0% used [0x00000000feb00000,0x00000000feb00000,0x00000000ffb00000)
  from space 2560K, 99% used [0x00000000ffd80000,0x00000000ffffa7f0,0x0000000100000000)
  to   space 2560K, 0% used [0x00000000ffb00000,0x00000000ffb00000,0x00000000ffd80000)
 ParOldGen       total 44032K, used 4790K [0x00000000fc000000, 0x00000000feb00000, 0x00000000feb00000)
  object space 44032K, 10% used [0x00000000fc000000,0x00000000fc4adbc0,0x00000000feb00000)
 Metaspace       used 7544K, capacity 7776K, committed 7936K, reserved 1056768K
  class space    used 873K, capacity 956K, committed 1024K, reserved 1048576K
}

Deoptimization events (10 events):
Event: 2.368 Thread 0x0000000004a84000 Uncommon trap: reason=unstable_if action=reinterpret pc=0x0000000004da08d8 method=java.util.zip.ZipEntry.setExtra0([BZ)V @ 1
Event: 2.371 Thread 0x0000000004a84000 Uncommon trap: reason=unstable_if action=reinterpret pc=0x0000000004d9e288 method=java.util.zip.ZipFile$ZipEntryIterator.hasNext()Z @ 25
Event: 2.371 Thread 0x0000000004a84000 Uncommon trap: reason=unstable_if action=reinterpret pc=0x0000000004da187c method=java.util.zip.ZipCoder.decoder()Ljava/nio/charset/CharsetDecoder; @ 4
Event: 2.375 Thread 0x0000000004a84000 Uncommon trap: reason=unstable_if action=reinterpret pc=0x0000000004da9538 method=java.util.zip.ZipCoder.decoder()Ljava/nio/charset/CharsetDecoder; @ 4
Event: 2.513 Thread 0x0000000004a84000 Uncommon trap: reason=unstable_if action=reinterpret pc=0x0000000004db1708 method=java.util.zip.ZipCoder.decoder()Ljava/nio/charset/CharsetDecoder; @ 4
Event: 3.023 Thread 0x0000000004a84000 Uncommon trap: reason=unloaded action=reinterpret pc=0x0000000004dae73c method=java.util.zip.ZipEntry.setExtra0([BZ)V @ 37
Event: 3.382 Thread 0x0000000004a84000 Uncommon trap: reason=unstable_if action=reinterpret pc=0x0000000004e6bec4 method=java.lang.String.<init>([CII)V @ 18
Event: 3.388 Thread 0x0000000004a84000 Uncommon trap: reason=unstable_if action=reinterpret pc=0x0000000004e6e328 method=java.io.BufferedOutputStream.write(I)V @ 9
Event: 3.989 Thread 0x0000000004a84000 Uncommon trap: reason=unstable_if action=reinterpret pc=0x0000000004e3ad18 method=java.lang.String.<init>([CII)V @ 18
Event: 4.136 Thread 0x0000000004a84000 Uncommon trap: reason=unstable_if action=reinterpret pc=0x0000000004ec7170 method=org.objectweb.asm.MethodWriter.visitVarInsn(II)V @ 142

Classes redefined (0 events):
No events

Internal exceptions (10 events):
Event: 2.580 Thread 0x0000000004a84000 Exception <a 'sun/nio/fs/WindowsException'> (0x00000000ff1579c0) thrown at [D:\src\AOSP-openjdk-cygwin\jdk8u\hotspot\src\share\vm\prims\jni.cpp, line 709]
Event: 2.580 Thread 0x0000000004a84000 Exception <a 'sun/nio/fs/WindowsException'> (0x00000000ff157f70) thrown at [D:\src\AOSP-openjdk-cygwin\jdk8u\hotspot\src\share\vm\prims\jni.cpp, line 709]
Event: 2.580 Thread 0x0000000004a84000 Exception <a 'sun/nio/fs/WindowsException'> (0x00000000ff158720) thrown at [D:\src\AOSP-openjdk-cygwin\jdk8u\hotspot\src\share\vm\prims\jni.cpp, line 709]
Event: 2.798 Thread 0x0000000004a84000 Exception <a 'sun/nio/fs/WindowsException'> (0x00000000ff15daf8) thrown at [D:\src\AOSP-openjdk-cygwin\jdk8u\hotspot\src\share\vm\prims\jni.cpp, line 709]
Event: 3.079 Thread 0x0000000004a84000 Exception <a 'sun/nio/fs/WindowsException'> (0x00000000ff499fc0) thrown at [D:\src\AOSP-openjdk-cygwin\jdk8u\hotspot\src\share\vm\prims\jni.cpp, line 709]
Event: 3.079 Thread 0x0000000004a84000 Exception <a 'sun/nio/fs/WindowsException'> (0x00000000ff49a548) thrown at [D:\src\AOSP-openjdk-cygwin\jdk8u\hotspot\src\share\vm\prims\jni.cpp, line 709]
Event: 3.360 Thread 0x0000000004a84000 Exception <a 'sun/nio/fs/WindowsException'> (0x00000000ff6eded0) thrown at [D:\src\AOSP-openjdk-cygwin\jdk8u\hotspot\src\share\vm\prims\jni.cpp, line 709]
Event: 3.360 Thread 0x0000000004a84000 Exception <a 'sun/nio/fs/WindowsException'> (0x00000000ff6ee3d8) thrown at [D:\src\AOSP-openjdk-cygwin\jdk8u\hotspot\src\share\vm\prims\jni.cpp, line 709]
Event: 3.984 Thread 0x0000000004a84000 Exception <a 'sun/nio/fs/WindowsException'> (0x00000000ff7be338) thrown at [D:\src\AOSP-openjdk-cygwin\jdk8u\hotspot\src\share\vm\prims\jni.cpp, line 709]
Event: 3.984 Thread 0x0000000004a84000 Exception <a 'sun/nio/fs/WindowsException'> (0x00000000ff7be840) thrown at [D:\src\AOSP-openjdk-cygwin\jdk8u\hotspot\src\share\vm\prims\jni.cpp, line 709]

Events (10 events):
Event: 3.388 Thread 0x0000000004a84000 DEOPT PACKING pc=0x0000000004e6e328 sp=0x00000000048af2d0
Event: 3.388 Thread 0x0000000004a84000 DEOPT UNPACKING pc=0x0000000004bc556a sp=0x00000000048af280 mode 2
Event: 3.989 Thread 0x0000000004a84000 Uncommon trap: trap_request=0xffffff65 fr.pc=0x0000000004e3ad18
Event: 3.989 Thread 0x0000000004a84000 DEOPT PACKING pc=0x0000000004e3ad18 sp=0x00000000048af100
Event: 3.989 Thread 0x0000000004a84000 DEOPT UNPACKING pc=0x0000000004bc556a sp=0x00000000048af020 mode 2
Event: 4.136 Thread 0x0000000004a84000 Uncommon trap: trap_request=0xffffff65 fr.pc=0x0000000004ec7170
Event: 4.136 Thread 0x0000000004a84000 DEOPT PACKING pc=0x0000000004ec7170 sp=0x00000000048aef90
Event: 4.136 Thread 0x0000000004a84000 DEOPT UNPACKING pc=0x0000000004bc556a sp=0x00000000048aeed8 mode 2
Event: 4.153 Executing VM operation: ParallelGCFailedAllocation
Event: 4.160 Executing VM operation: ParallelGCFailedAllocation done


Dynamic libraries:
0x00007ff7a97d0000 - 0x00007ff7a9801000 	C:\Program Files\PROGRAMY\Android\Android Studio\jre\bin\java.exe
0x00007ffa2e320000 - 0x00007ffa2e500000 	C:\WINDOWS\SYSTEM32\ntdll.dll
0x00007ffa2bf10000 - 0x00007ffa2bfbe000 	C:\WINDOWS\System32\KERNEL32.DLL
0x00007ffa2a880000 - 0x00007ffa2aae6000 	C:\WINDOWS\System32\KERNELBASE.dll
0x00007ffa2bb00000 - 0x00007ffa2bba1000 	C:\WINDOWS\System32\ADVAPI32.dll
0x00007ffa2ddd0000 - 0x00007ffa2de6d000 	C:\WINDOWS\System32\msvcrt.dll
0x00007ffa2bfc0000 - 0x00007ffa2c01b000 	C:\WINDOWS\System32\sechost.dll
0x00007ffa2c470000 - 0x00007ffa2c58f000 	C:\WINDOWS\System32\RPCRT4.dll
0x00007ffa2de70000 - 0x00007ffa2dfff000 	C:\WINDOWS\System32\USER32.dll
0x00007ffa2aaf0000 - 0x00007ffa2ab10000 	C:\WINDOWS\System32\win32u.dll
0x00007ffa2bbb0000 - 0x00007ffa2bbd8000 	C:\WINDOWS\System32\GDI32.dll
0x00007ffa2ac60000 - 0x00007ffa2adf4000 	C:\WINDOWS\System32\gdi32full.dll
0x00007ffa2abc0000 - 0x00007ffa2ac5b000 	C:\WINDOWS\System32\msvcp_win.dll
0x00007ffa2a780000 - 0x00007ffa2a876000 	C:\WINDOWS\System32\ucrtbase.dll
0x00007ffa1e780000 - 0x00007ffa1e9e9000 	C:\WINDOWS\WinSxS\amd64_microsoft.windows.common-controls_6595b64144ccf1df_6.0.16299.64_none_cc9304e22215ca8f\COMCTL32.dll
0x00007ffa2bbe0000 - 0x00007ffa2bee8000 	C:\WINDOWS\System32\combase.dll
0x00007ffa2b550000 - 0x00007ffa2b5c2000 	C:\WINDOWS\System32\bcryptPrimitives.dll
0x00007ffa2c590000 - 0x00007ffa2c5bd000 	C:\WINDOWS\System32\IMM32.DLL
0x0000000050ce0000 - 0x0000000050db2000 	C:\Program Files\PROGRAMY\Android\Android Studio\jre\jre\bin\msvcr100.dll
0x0000000050ea0000 - 0x00000000516de000 	C:\Program Files\PROGRAMY\Android\Android Studio\jre\jre\bin\server\jvm.dll
0x00007ffa2b7f0000 - 0x00007ffa2b7f8000 	C:\WINDOWS\System32\PSAPI.DLL
0x00007ffa155c0000 - 0x00007ffa155c9000 	C:\WINDOWS\SYSTEM32\WSOCK32.dll
0x00007ffa2c7a0000 - 0x00007ffa2c80c000 	C:\WINDOWS\System32\WS2_32.dll
0x00007ffa28960000 - 0x00007ffa28983000 	C:\WINDOWS\SYSTEM32\WINMM.dll
0x00007ffa21190000 - 0x00007ffa2119a000 	C:\WINDOWS\SYSTEM32\VERSION.dll
0x00007ffa28900000 - 0x00007ffa2892a000 	C:\WINDOWS\SYSTEM32\WINMMBASE.dll
0x00007ffa2b7a0000 - 0x00007ffa2b7ea000 	C:\WINDOWS\System32\cfgmgr32.dll
0x00007ffa27530000 - 0x00007ffa2753f000 	C:\Program Files\PROGRAMY\Android\Android Studio\jre\jre\bin\verify.dll
0x00007ffa26750000 - 0x00007ffa26779000 	C:\Program Files\PROGRAMY\Android\Android Studio\jre\jre\bin\java.dll
0x00007ffa26730000 - 0x00007ffa26746000 	C:\Program Files\PROGRAMY\Android\Android Studio\jre\jre\bin\zip.dll
0x00007ffa2c880000 - 0x00007ffa2dcb7000 	C:\WINDOWS\System32\SHELL32.dll
0x00007ffa2b9d0000 - 0x00007ffa2ba76000 	C:\WINDOWS\System32\shcore.dll
0x00007ffa2ae00000 - 0x00007ffa2b547000 	C:\WINDOWS\System32\windows.storage.dll
0x00007ffa2b8a0000 - 0x00007ffa2b8f1000 	C:\WINDOWS\System32\shlwapi.dll
0x00007ffa2a6e0000 - 0x00007ffa2a6f1000 	C:\WINDOWS\System32\kernel.appcore.dll
0x00007ffa2a690000 - 0x00007ffa2a6dc000 	C:\WINDOWS\System32\powrprof.dll
0x00007ffa2a670000 - 0x00007ffa2a68b000 	C:\WINDOWS\System32\profapi.dll
0x00007ffa2a060000 - 0x00007ffa2a077000 	C:\WINDOWS\SYSTEM32\CRYPTSP.dll
0x00007ffa29ab0000 - 0x00007ffa29ae3000 	C:\WINDOWS\system32\rsaenh.dll
0x00007ffa2a170000 - 0x00007ffa2a195000 	C:\WINDOWS\SYSTEM32\bcrypt.dll
0x00007ffa2a570000 - 0x00007ffa2a599000 	C:\WINDOWS\SYSTEM32\USERENV.dll
0x00007ffa2a080000 - 0x00007ffa2a08b000 	C:\WINDOWS\SYSTEM32\CRYPTBASE.dll
0x00007ffa1f560000 - 0x00007ffa1f57a000 	C:\Program Files\PROGRAMY\Android\Android Studio\jre\jre\bin\net.dll
0x00007ffa29ea0000 - 0x00007ffa29f06000 	C:\WINDOWS\system32\mswsock.dll
0x00007ffa29c30000 - 0x00007ffa29c69000 	C:\WINDOWS\SYSTEM32\IPHLPAPI.DLL
0x00007ffa2c810000 - 0x00007ffa2c818000 	C:\WINDOWS\System32\NSI.dll
0x00007ffa25190000 - 0x00007ffa251a6000 	C:\WINDOWS\SYSTEM32\dhcpcsvc6.DLL
0x00007ffa25b10000 - 0x00007ffa25b2a000 	C:\WINDOWS\SYSTEM32\dhcpcsvc.DLL
0x00007ffa1f4f0000 - 0x00007ffa1f501000 	C:\Program Files\PROGRAMY\Android\Android Studio\jre\jre\bin\nio.dll

VM Arguments:
jvm_args: -Djava.awt.headless=true -Xmx64M -Dfile.encoding=windows-1250 -Duser.country=PL -Duser.language=pl -Duser.variant 
java_command: com.google.devtools.build.android.desugar.Desugar --input C:\Users\micha\GIT\GitHub\books\app\build\intermediates\transforms\stackFramesFixer\debug\2.jar --output C:\Users\micha\GIT\GitHub\books\app\build\intermediates\transforms\desugar\debug\3.jar --input C:\Users\micha\GIT\GitHub\books\app\build\intermediates\transforms\stackFramesFixer\debug\31.jar --output C:\Users\micha\GIT\GitHub\books\app\build\intermediates\transforms\desugar\debug\32.jar --input C:\Users\micha\GIT\GitHub\books\app\build\intermediates\transforms\stackFramesFixer\debug\25.jar --output C:\Users\micha\GIT\GitHub\books\app\build\intermediates\transforms\desugar\debug\26.jar --input C:\Users\micha\GIT\GitHub\books\app\build\intermediates\transforms\stackFramesFixer\debug\32.jar --output C:\Users\micha\GIT\GitHub\books\app\build\intermediates\transforms\desugar\debug\33.jar --input C:\Users\micha\GIT\GitHub\books\app\build\intermediates\transforms\stackFramesFixer\debug\1.jar --output C:\Users\micha\GIT\GitHub\books\app\build\intermediates\transforms\desugar\debug\2.jar --input C:\Users\micha\GIT\GitHub\books\app\build\intermediates\transforms\stackFramesFixer\debug\12.jar --output C:\Users\micha\GIT\GitHub\books\app\build\intermediates\transforms\desugar\debug\13.jar --input C:\Users\micha\GIT\GitHub\books\app\build\intermediates\transforms\stackFramesFixer\debug\13.jar --output C:\Users\micha\GIT\GitHub\books\app\build\intermediates\transforms\desugar\debug\14.jar --input C:\Users\micha\GIT\GitHub\books\app\build\intermediates\transforms\stackFramesFixer\debug\21.jar --output C:\Users\micha\GIT\GitHub\books\app\build\intermediates\transforms\desugar\debug\22.jar --input C:\Users\micha\GIT\GitHub\books\app\build\intermediates\transforms\stackFramesFixer\debug\24.jar --output C:\Users\micha\GIT\GitHub\books\app\build\intermediates\transforms\desugar\debug\25.jar --classpath_entry C:\Users\micha\GIT\GitHub\books\app\build\intermediates\classes\debug --classpath_entry C:\Users\micha
java_class_path (initial): C:\Users\micha\AppData\Local\Temp\desugar_deploy.jar8104957556560126708
Launcher Type: SUN_STANDARD

Environment Variables:
PATH=C:\ProgramData\Oracle\Java\javapath;C:\WINDOWS\system32;C:\WINDOWS;C:\WINDOWS\System32\Wbem;C:\WINDOWS\System32\WindowsPowerShell\v1.0\;C:\Program Files\Microsoft SQL Server\130\Tools\Binn\;C:\Program Files\PROGRAMY\OpenVPN\bin;C:\Program Files\dotnet\;C:\Program Files\PROGRAMY\TortoiseGit\bin;C:\Program Files\Git\cmd;C:\Users\micha\AppData\Local\Microsoft\WindowsApps;;C:\Program Files (x86)\Microsoft VS Code\bin
USERNAME=micha
OS=Windows_NT
PROCESSOR_IDENTIFIER=Intel64 Family 6 Model 58 Stepping 9, GenuineIntel



---------------  S Y S T E M  ---------------

OS: Windows 10.0 , 64 bit Build 16299 (10.0.16299.15)

CPU:total 4 (initial active 4) (2 cores per cpu, 2 threads per core) family 6 model 58 stepping 9, cmov, cx8, fxsr, mmx, sse, sse2, sse3, ssse3, sse4.1, sse4.2, popcnt, avx, aes, clmul, erms, ht, tsc, tscinvbit, tscinv

Memory: 4k page, physical 12483264k(2616888k free), swap 12483264k(24k free)

vm_info: OpenJDK 64-Bit Server VM (25.152-b01) for windows-amd64 JRE (1.8.0_152-release-915-b01), built by "builder" with MS VC++ 10.0 (VS2010)

time: Thu Nov 30 11:59:24 2017
elapsed time: 4 seconds (0d 0h 0m 4s)

