#
# There is insufficient memory for the Java Runtime Environment to continue.
# Native memory allocation (malloc) failed to allocate 32744 bytes for ChunkPool::allocate
# Possible reasons:
#   The system is out of physical RAM or swap space
#   In 32 bit mode, the process size limit was hit
# Possible solutions:
#   Reduce memory load on the system
#   Increase physical memory or swap space
#   Check if swap backing store is full
#   Use 64 bit Java on a 64 bit OS
#   Decrease Java heap size (-Xmx/-Xms)
#   Decrease number of Java threads
#   Decrease Java thread stack sizes (-Xss)
#   Set larger code cache with -XX:ReservedCodeCacheSize=
# This output file may be truncated or incomplete.
#
#  Out of Memory Error (allocation.cpp:273), pid=2076, tid=0x0000000000001174
#
# JRE version: OpenJDK Runtime Environment (8.0_152-b01) (build 1.8.0_152-release-915-b01)
# Java VM: OpenJDK 64-Bit Server VM (25.152-b01 mixed mode windows-amd64 compressed oops)
# Failed to write core dump. Minidumps are not enabled by default on client versions of Windows
#

---------------  T H R E A D  ---------------

Current thread (0x0000000014936800):  JavaThread "C1 CompilerThread2" daemon [_thread_in_native, id=4468, stack(0x00000000161a0000,0x00000000162a0000)]

Stack: [0x00000000161a0000,0x00000000162a0000]
[error occurred during error reporting (printing stack bounds), id 0xc0000005]

Native frames: (J=compiled Java code, j=interpreted, Vv=VM code, C=native code)


Current CompileTask:
C1:   5302  950       3       org.objectweb.asm.ClassWriter::toByteArray (1282 bytes)


---------------  P R O C E S S  ---------------

Java Threads: ( => current thread )
  0x00000000162a7000 JavaThread "Service Thread" daemon [_thread_blocked, id=12740, stack(0x00000000166a0000,0x00000000167a0000)]
=>0x0000000014936800 JavaThread "C1 CompilerThread2" daemon [_thread_in_native, id=4468, stack(0x00000000161a0000,0x00000000162a0000)]
  0x0000000014930000 JavaThread "C2 CompilerThread1" daemon [_thread_in_native, id=6372, stack(0x00000000160a0000,0x00000000161a0000)]
  0x000000001492e000 JavaThread "C2 CompilerThread0" daemon [_thread_blocked, id=9144, stack(0x0000000015fa0000,0x00000000160a0000)]
  0x000000001492c000 JavaThread "Attach Listener" daemon [_thread_blocked, id=6248, stack(0x0000000015ea0000,0x0000000015fa0000)]
  0x000000001493a800 JavaThread "Signal Dispatcher" daemon [_thread_blocked, id=2908, stack(0x0000000015da0000,0x0000000015ea0000)]
  0x0000000014918000 JavaThread "Finalizer" daemon [_thread_blocked, id=6464, stack(0x0000000015ba0000,0x0000000015ca0000)]
  0x00000000045c4800 JavaThread "Reference Handler" daemon [_thread_blocked, id=7396, stack(0x0000000015aa0000,0x0000000015ba0000)]
  0x00000000044d4000 JavaThread "main" [_thread_in_vm, id=964, stack(0x00000000042d0000,0x00000000043d0000)]

Other Threads:
  0x00000000148f5000 VMThread [stack: 0x00000000159a0000,0x0000000015aa0000] [id=11820]
  0x00000000162a9000 WatcherThread [stack: 0x00000000167a0000,0x00000000168a0000] [id=13232]

VM state:not at safepoint (normal execution)

VM Mutex/Monitor currently owned by a thread: None

Heap:
 PSYoungGen      total 18944K, used 4622K [0x00000000feb00000, 0x0000000100000000, 0x0000000100000000)
  eden space 16384K, 12% used [0x00000000feb00000,0x00000000fed05108,0x00000000ffb00000)
  from space 2560K, 99% used [0x00000000ffd80000,0x00000000ffffe7f0,0x0000000100000000)
  to   space 2560K, 0% used [0x00000000ffb00000,0x00000000ffb00000,0x00000000ffd80000)
 ParOldGen       total 44032K, used 4795K [0x00000000fc000000, 0x00000000feb00000, 0x00000000feb00000)
  object space 44032K, 10% used [0x00000000fc000000,0x00000000fc4aed88,0x00000000feb00000)
 Metaspace       used 7585K, capacity 7720K, committed 7936K, reserved 1056768K
  class space    used 872K, capacity 956K, committed 1024K, reserved 1048576K

Card table byte_map: [0x00000000041d0000,0x0000000004200000] byte_map_base: 0x00000000039f0000

Marking Bits: (ParMarkBitMap*) 0x0000000067cc3950
 Begin Bits: [0x0000000013d90000, 0x0000000013e90000)
 End Bits:   [0x0000000013e90000, 0x0000000013f90000)

Polling page: 0x00000000028e0000

CodeCache: size=245760Kb used=3581Kb max_used=3581Kb free=242178Kb
 bounds [0x00000000045d0000, 0x0000000004960000, 0x00000000135d0000]
 total_blobs=1279 nmethods=948 adapters=245
 compilation: enabled

Compilation events (10 events):
Event: 5.288 Thread 0x0000000014936800 nmethod 944 0x000000000494bf90 code [0x000000000494c100, 0x000000000494c308]
Event: 5.288 Thread 0x0000000014936800  945       3       org.objectweb.asm.MethodWriter::visitEnd (1 bytes)
Event: 5.288 Thread 0x0000000014936800 nmethod 945 0x000000000494bc50 code [0x000000000494bda0, 0x000000000494bef0]
Event: 5.288 Thread 0x0000000014936800  947       3       com.google.devtools.build.android.desugar.LambdaDesugaring$InvokedynamicRewriter::<init> (42 bytes)
Event: 5.289 Thread 0x0000000014936800 nmethod 947 0x000000000494fd10 code [0x000000000494fee0, 0x00000000049506c8]
Event: 5.289 Thread 0x0000000014936800  948       3       org.objectweb.asm.ClassVisitor::<init> (7 bytes)
Event: 5.289 Thread 0x0000000014936800 nmethod 948 0x000000000494b5d0 code [0x000000000494b760, 0x000000000494bac8]
Event: 5.289 Thread 0x0000000014936800  949       3       java.util.zip.ZipOutputStream::ensureOpen (18 bytes)
Event: 5.289 Thread 0x0000000014936800 nmethod 949 0x0000000004950b10 code [0x0000000004950c80, 0x0000000004950ec8]
Event: 5.289 Thread 0x0000000014936800  950       3       org.objectweb.asm.ClassWriter::toByteArray (1282 bytes)

GC Heap History (4 events):
Event: 3.829 GC heap before
{Heap before GC invocations=1 (full 0):
 PSYoungGen      total 18944K, used 16384K [0x00000000feb00000, 0x0000000100000000, 0x0000000100000000)
  eden space 16384K, 100% used [0x00000000feb00000,0x00000000ffb00000,0x00000000ffb00000)
  from space 2560K, 0% used [0x00000000ffd80000,0x00000000ffd80000,0x0000000100000000)
  to   space 2560K, 0% used [0x00000000ffb00000,0x00000000ffb00000,0x00000000ffd80000)
 ParOldGen       total 44032K, used 0K [0x00000000fc000000, 0x00000000feb00000, 0x00000000feb00000)
  object space 44032K, 0% used [0x00000000fc000000,0x00000000fc000000,0x00000000feb00000)
 Metaspace       used 6523K, capacity 6682K, committed 6784K, reserved 1056768K
  class space    used 769K, capacity 823K, committed 896K, reserved 1048576K
Event: 3.885 GC heap after
Heap after GC invocations=1 (full 0):
 PSYoungGen      total 18944K, used 2544K [0x00000000feb00000, 0x0000000100000000, 0x0000000100000000)
  eden space 16384K, 0% used [0x00000000feb00000,0x00000000feb00000,0x00000000ffb00000)
  from space 2560K, 99% used [0x00000000ffb00000,0x00000000ffd7c020,0x00000000ffd80000)
  to   space 2560K, 0% used [0x00000000ffd80000,0x00000000ffd80000,0x0000000100000000)
 ParOldGen       total 44032K, used 1613K [0x00000000fc000000, 0x00000000feb00000, 0x00000000feb00000)
  object space 44032K, 3% used [0x00000000fc000000,0x00000000fc1937f8,0x00000000feb00000)
 Metaspace       used 6523K, capacity 6682K, committed 6784K, reserved 1056768K
  class space    used 769K, capacity 823K, committed 896K, reserved 1048576K
}
Event: 5.266 GC heap before
{Heap before GC invocations=2 (full 0):
 PSYoungGen      total 18944K, used 18928K [0x00000000feb00000, 0x0000000100000000, 0x0000000100000000)
  eden space 16384K, 100% used [0x00000000feb00000,0x00000000ffb00000,0x00000000ffb00000)
  from space 2560K, 99% used [0x00000000ffb00000,0x00000000ffd7c020,0x00000000ffd80000)
  to   space 2560K, 0% used [0x00000000ffd80000,0x00000000ffd80000,0x0000000100000000)
 ParOldGen       total 44032K, used 1613K [0x00000000fc000000, 0x00000000feb00000, 0x00000000feb00000)
  object space 44032K, 3% used [0x00000000fc000000,0x00000000fc1937f8,0x00000000feb00000)
 Metaspace       used 7555K, capacity 7720K, committed 7936K, reserved 1056768K
  class space    used 872K, capacity 956K, committed 1024K, reserved 1048576K
Event: 5.274 GC heap after
Heap after GC invocations=2 (full 0):
 PSYoungGen      total 18944K, used 2553K [0x00000000feb00000, 0x0000000100000000, 0x0000000100000000)
  eden space 16384K, 0% used [0x00000000feb00000,0x00000000feb00000,0x00000000ffb00000)
  from space 2560K, 99% used [0x00000000ffd80000,0x00000000ffffe7f0,0x0000000100000000)
  to   space 2560K, 0% used [0x00000000ffb00000,0x00000000ffb00000,0x00000000ffd80000)
 ParOldGen       total 44032K, used 4795K [0x00000000fc000000, 0x00000000feb00000, 0x00000000feb00000)
  object space 44032K, 10% used [0x00000000fc000000,0x00000000fc4aed88,0x00000000feb00000)
 Metaspace       used 7555K, capacity 7720K, committed 7936K, reserved 1056768K
  class space    used 872K, capacity 956K, committed 1024K, reserved 1048576K
}

Deoptimization events (10 events):
Event: 3.529 Thread 0x00000000044d4000 Uncommon trap: reason=unstable_if action=reinterpret pc=0x00000000047764b8 method=java.lang.String.startsWith(Ljava/lang/String;I)Z @ 25
Event: 3.677 Thread 0x00000000044d4000 Uncommon trap: reason=unstable_if action=reinterpret pc=0x00000000047f342c method=java.util.zip.ZipFile$ZipEntryIterator.hasNext()Z @ 25
Event: 3.677 Thread 0x00000000044d4000 Uncommon trap: reason=unstable_if action=reinterpret pc=0x00000000047f64ac method=java.util.zip.ZipCoder.decoder()Ljava/nio/charset/CharsetDecoder; @ 4
Event: 3.677 Thread 0x00000000044d4000 Uncommon trap: reason=unstable_if action=reinterpret pc=0x00000000047f5818 method=java.util.zip.ZipEntry.setExtra0([BZ)V @ 1
Event: 3.707 Thread 0x00000000044d4000 Uncommon trap: reason=unstable_if action=reinterpret pc=0x00000000048010f8 method=java.util.zip.ZipCoder.decoder()Ljava/nio/charset/CharsetDecoder; @ 4
Event: 3.771 Thread 0x00000000044d4000 Uncommon trap: reason=unstable_if action=reinterpret pc=0x00000000047fb048 method=java.util.zip.ZipCoder.decoder()Ljava/nio/charset/CharsetDecoder; @ 4
Event: 4.175 Thread 0x00000000044d4000 Uncommon trap: reason=unloaded action=reinterpret pc=0x00000000047fd73c method=java.util.zip.ZipEntry.setExtra0([BZ)V @ 37
Event: 4.567 Thread 0x00000000044d4000 Uncommon trap: reason=unstable_if action=reinterpret pc=0x0000000004792e78 method=java.lang.String.<init>([CII)V @ 18
Event: 5.286 Thread 0x00000000044d4000 Uncommon trap: reason=class_check action=maybe_recompile pc=0x0000000004943338 method=org.objectweb.asm.MethodVisitor.visitVarInsn(II)V @ 13
Event: 5.286 Thread 0x00000000044d4000 Uncommon trap: reason=class_check action=maybe_recompile pc=0x0000000004943338 method=org.objectweb.asm.MethodVisitor.visitVarInsn(II)V @ 13

Classes redefined (0 events):
No events

Internal exceptions (10 events):
Event: 4.014 Thread 0x00000000044d4000 Exception <a 'sun/nio/fs/WindowsException'> (0x00000000ff155770) thrown at [D:\src\AOSP-openjdk-cygwin\jdk8u\hotspot\src\share\vm\prims\jni.cpp, line 709]
Event: 4.015 Thread 0x00000000044d4000 Exception <a 'sun/nio/fs/WindowsException'> (0x00000000ff155d48) thrown at [D:\src\AOSP-openjdk-cygwin\jdk8u\hotspot\src\share\vm\prims\jni.cpp, line 709]
Event: 4.015 Thread 0x00000000044d4000 Exception <a 'sun/nio/fs/WindowsException'> (0x00000000ff156518) thrown at [D:\src\AOSP-openjdk-cygwin\jdk8u\hotspot\src\share\vm\prims\jni.cpp, line 709]
Event: 4.015 Thread 0x00000000044d4000 Exception <a 'sun/nio/fs/WindowsException'> (0x00000000ff156ac8) thrown at [D:\src\AOSP-openjdk-cygwin\jdk8u\hotspot\src\share\vm\prims\jni.cpp, line 709]
Event: 4.015 Thread 0x00000000044d4000 Exception <a 'sun/nio/fs/WindowsException'> (0x00000000ff157278) thrown at [D:\src\AOSP-openjdk-cygwin\jdk8u\hotspot\src\share\vm\prims\jni.cpp, line 709]
Event: 4.055 Thread 0x00000000044d4000 Exception <a 'sun/nio/fs/WindowsException'> (0x00000000ff15c650) thrown at [D:\src\AOSP-openjdk-cygwin\jdk8u\hotspot\src\share\vm\prims\jni.cpp, line 709]
Event: 4.278 Thread 0x00000000044d4000 Exception <a 'sun/nio/fs/WindowsException'> (0x00000000ff499ec0) thrown at [D:\src\AOSP-openjdk-cygwin\jdk8u\hotspot\src\share\vm\prims\jni.cpp, line 709]
Event: 4.278 Thread 0x00000000044d4000 Exception <a 'sun/nio/fs/WindowsException'> (0x00000000ff49a448) thrown at [D:\src\AOSP-openjdk-cygwin\jdk8u\hotspot\src\share\vm\prims\jni.cpp, line 709]
Event: 4.910 Thread 0x00000000044d4000 Exception <a 'sun/nio/fs/WindowsException'> (0x00000000ff69c128) thrown at [D:\src\AOSP-openjdk-cygwin\jdk8u\hotspot\src\share\vm\prims\jni.cpp, line 709]
Event: 4.910 Thread 0x00000000044d4000 Exception <a 'sun/nio/fs/WindowsException'> (0x00000000ff69c630) thrown at [D:\src\AOSP-openjdk-cygwin\jdk8u\hotspot\src\share\vm\prims\jni.cpp, line 709]

Events (10 events):
Event: 5.275 Executing VM operation: RevokeBias
Event: 5.275 Executing VM operation: RevokeBias done
Event: 5.275 Executing VM operation: RevokeBias
Event: 5.275 Executing VM operation: RevokeBias done
Event: 5.286 Thread 0x00000000044d4000 Uncommon trap: trap_request=0xffffffde fr.pc=0x0000000004943338
Event: 5.286 Thread 0x00000000044d4000 DEOPT PACKING pc=0x0000000004943338 sp=0x00000000043ce710
Event: 5.286 Thread 0x00000000044d4000 DEOPT UNPACKING pc=0x000000000461556a sp=0x00000000043ce6c0 mode 2
Event: 5.286 Thread 0x00000000044d4000 Uncommon trap: trap_request=0xffffffde fr.pc=0x0000000004943338
Event: 5.286 Thread 0x00000000044d4000 DEOPT PACKING pc=0x0000000004943338 sp=0x00000000043ce710
Event: 5.286 Thread 0x00000000044d4000 DEOPT UNPACKING pc=0x000000000461556a sp=0x00000000043ce6c0 mode 2


Dynamic libraries:
0x00007ff75e370000 - 0x00007ff75e3a1000 	C:\Program Files\PROGRAMY\Android\Android Studio\jre\bin\java.exe
0x00007ffa8b260000 - 0x00007ffa8b440000 	C:\WINDOWS\SYSTEM32\ntdll.dll
0x00007ffa8a880000 - 0x00007ffa8a92e000 	C:\WINDOWS\System32\KERNEL32.DLL
0x00007ffa88390000 - 0x00007ffa885f6000 	C:\WINDOWS\System32\KERNELBASE.dll
0x00007ffa88730000 - 0x00007ffa887d1000 	C:\WINDOWS\System32\ADVAPI32.dll
0x00007ffa8afa0000 - 0x00007ffa8b03d000 	C:\WINDOWS\System32\msvcrt.dll
0x00007ffa8af40000 - 0x00007ffa8af9b000 	C:\WINDOWS\System32\sechost.dll
0x00007ffa8a760000 - 0x00007ffa8a87f000 	C:\WINDOWS\System32\RPCRT4.dll
0x00007ffa89190000 - 0x00007ffa8931f000 	C:\WINDOWS\System32\USER32.dll
0x00007ffa87830000 - 0x00007ffa87850000 	C:\WINDOWS\System32\win32u.dll
0x00007ffa88d90000 - 0x00007ffa88db8000 	C:\WINDOWS\System32\GDI32.dll
0x00007ffa880a0000 - 0x00007ffa88234000 	C:\WINDOWS\System32\gdi32full.dll
0x00007ffa87850000 - 0x00007ffa878eb000 	C:\WINDOWS\System32\msvcp_win.dll
0x00007ffa88290000 - 0x00007ffa88386000 	C:\WINDOWS\System32\ucrtbase.dll
0x00007ffa7c920000 - 0x00007ffa7cb89000 	C:\WINDOWS\WinSxS\amd64_microsoft.windows.common-controls_6595b64144ccf1df_6.0.16299.64_none_cc9304e22215ca8f\COMCTL32.dll
0x00007ffa88e80000 - 0x00007ffa89188000 	C:\WINDOWS\System32\combase.dll
0x00007ffa88600000 - 0x00007ffa88672000 	C:\WINDOWS\System32\bcryptPrimitives.dll
0x00007ffa8af10000 - 0x00007ffa8af3d000 	C:\WINDOWS\System32\IMM32.DLL
0x0000000067340000 - 0x0000000067412000 	C:\Program Files\PROGRAMY\Android\Android Studio\jre\jre\bin\msvcr100.dll
0x0000000067500000 - 0x0000000067d3e000 	C:\Program Files\PROGRAMY\Android\Android Studio\jre\jre\bin\server\jvm.dll
0x00007ffa8b220000 - 0x00007ffa8b228000 	C:\WINDOWS\System32\PSAPI.DLL
0x00007ffa73de0000 - 0x00007ffa73de9000 	C:\WINDOWS\SYSTEM32\WSOCK32.dll
0x00007ffa8aea0000 - 0x00007ffa8af0c000 	C:\WINDOWS\System32\WS2_32.dll
0x00007ffa85a00000 - 0x00007ffa85a23000 	C:\WINDOWS\SYSTEM32\WINMM.dll
0x00007ffa7e9a0000 - 0x00007ffa7e9aa000 	C:\WINDOWS\SYSTEM32\VERSION.dll
0x00007ffa85950000 - 0x00007ffa8597a000 	C:\WINDOWS\SYSTEM32\WINMMBASE.dll
0x00007ffa88240000 - 0x00007ffa8828a000 	C:\WINDOWS\System32\cfgmgr32.dll
0x00007ffa7d2b0000 - 0x00007ffa7d2bf000 	C:\Program Files\PROGRAMY\Android\Android Studio\jre\jre\bin\verify.dll
0x00007ffa6f570000 - 0x00007ffa6f599000 	C:\Program Files\PROGRAMY\Android\Android Studio\jre\jre\bin\java.dll
0x00007ffa6f550000 - 0x00007ffa6f566000 	C:\Program Files\PROGRAMY\Android\Android Studio\jre\jre\bin\zip.dll
0x00007ffa89320000 - 0x00007ffa8a757000 	C:\WINDOWS\System32\SHELL32.dll
0x00007ffa8ad80000 - 0x00007ffa8ae26000 	C:\WINDOWS\System32\shcore.dll
0x00007ffa87950000 - 0x00007ffa88097000 	C:\WINDOWS\System32\windows.storage.dll
0x00007ffa88b00000 - 0x00007ffa88b51000 	C:\WINDOWS\System32\shlwapi.dll
0x00007ffa87640000 - 0x00007ffa87651000 	C:\WINDOWS\System32\kernel.appcore.dll
0x00007ffa875d0000 - 0x00007ffa8761c000 	C:\WINDOWS\System32\powrprof.dll
0x00007ffa875b0000 - 0x00007ffa875cb000 	C:\WINDOWS\System32\profapi.dll
0x00007ffa86fa0000 - 0x00007ffa86fb7000 	C:\WINDOWS\SYSTEM32\CRYPTSP.dll
0x00007ffa869f0000 - 0x00007ffa86a23000 	C:\WINDOWS\system32\rsaenh.dll
0x00007ffa870b0000 - 0x00007ffa870d5000 	C:\WINDOWS\SYSTEM32\bcrypt.dll
0x00007ffa874e0000 - 0x00007ffa87509000 	C:\WINDOWS\SYSTEM32\USERENV.dll
0x00007ffa86fc0000 - 0x00007ffa86fcb000 	C:\WINDOWS\SYSTEM32\CRYPTBASE.dll
0x00007ffa6f530000 - 0x00007ffa6f54a000 	C:\Program Files\PROGRAMY\Android\Android Studio\jre\jre\bin\net.dll
0x00007ffa86de0000 - 0x00007ffa86e46000 	C:\WINDOWS\system32\mswsock.dll
0x00007ffa86b70000 - 0x00007ffa86ba9000 	C:\WINDOWS\SYSTEM32\IPHLPAPI.DLL
0x00007ffa88950000 - 0x00007ffa88958000 	C:\WINDOWS\System32\NSI.dll
0x00007ffa83050000 - 0x00007ffa83066000 	C:\WINDOWS\SYSTEM32\dhcpcsvc6.DLL
0x00007ffa83030000 - 0x00007ffa8304a000 	C:\WINDOWS\SYSTEM32\dhcpcsvc.DLL
0x00007ffa6f510000 - 0x00007ffa6f521000 	C:\Program Files\PROGRAMY\Android\Android Studio\jre\jre\bin\nio.dll

VM Arguments:
jvm_args: -Djava.awt.headless=true -Xmx64M -Dfile.encoding=windows-1250 -Duser.country=PL -Duser.language=pl -Duser.variant 
java_command: com.google.devtools.build.android.desugar.Desugar --input C:\Users\micha\GIT\GitHub\books\app\build\intermediates\transforms\stackFramesFixer\debug\34.jar --output C:\Users\micha\GIT\GitHub\books\app\build\intermediates\transforms\desugar\debug\35.jar --input C:\Users\micha\GIT\GitHub\books\app\build\intermediates\transforms\stackFramesFixer\debug\22.jar --output C:\Users\micha\GIT\GitHub\books\app\build\intermediates\transforms\desugar\debug\23.jar --input C:\Users\micha\GIT\GitHub\books\app\build\intermediates\transforms\stackFramesFixer\debug\27.jar --output C:\Users\micha\GIT\GitHub\books\app\build\intermediates\transforms\desugar\debug\28.jar --input C:\Users\micha\GIT\GitHub\books\app\build\intermediates\transforms\stackFramesFixer\debug\8.jar --output C:\Users\micha\GIT\GitHub\books\app\build\intermediates\transforms\desugar\debug\9.jar --input C:\Users\micha\GIT\GitHub\books\app\build\intermediates\transforms\stackFramesFixer\debug\0.jar --output C:\Users\micha\GIT\GitHub\books\app\build\intermediates\transforms\desugar\debug\1.jar --input C:\Users\micha\GIT\GitHub\books\app\build\intermediates\transforms\stackFramesFixer\debug\12.jar --output C:\Users\micha\GIT\GitHub\books\app\build\intermediates\transforms\desugar\debug\13.jar --input C:\Users\micha\GIT\GitHub\books\app\build\intermediates\transforms\stackFramesFixer\debug\13.jar --output C:\Users\micha\GIT\GitHub\books\app\build\intermediates\transforms\desugar\debug\14.jar --input C:\Users\micha\GIT\GitHub\books\app\build\intermediates\transforms\stackFramesFixer\debug\26.jar --output C:\Users\micha\GIT\GitHub\books\app\build\intermediates\transforms\desugar\debug\27.jar --input C:\Users\micha\GIT\GitHub\books\app\build\intermediates\transforms\stackFramesFixer\debug\35.jar --output C:\Users\micha\GIT\GitHub\books\app\build\intermediates\transforms\desugar\debug\36.jar --classpath_entry C:\Users\micha\GIT\GitHub\books\app\build\intermediates\classes\debug --classpath_entry C:\Users\micha
java_class_path (initial): C:\Users\micha\AppData\Local\Temp\desugar_deploy.jar701461765209681246
Launcher Type: SUN_STANDARD

Environment Variables:
PATH=C:\ProgramData\Oracle\Java\javapath;C:\WINDOWS\system32;C:\WINDOWS;C:\WINDOWS\System32\Wbem;C:\WINDOWS\System32\WindowsPowerShell\v1.0\;C:\Program Files\Microsoft SQL Server\130\Tools\Binn\;C:\Program Files\PROGRAMY\OpenVPN\bin;C:\Program Files\dotnet\;C:\Program Files\PROGRAMY\TortoiseGit\bin;C:\Program Files\Git\cmd;C:\Users\micha\AppData\Local\Microsoft\WindowsApps;;C:\Program Files (x86)\Microsoft VS Code\bin
USERNAME=micha
OS=Windows_NT
PROCESSOR_IDENTIFIER=Intel64 Family 6 Model 58 Stepping 9, GenuineIntel



---------------  S Y S T E M  ---------------

OS: Windows 10.0 , 64 bit Build 16299 (10.0.16299.15)

CPU:total 4 (initial active 4) (2 cores per cpu, 2 threads per core) family 6 model 58 stepping 9, cmov, cx8, fxsr, mmx, sse, sse2, sse3, ssse3, sse4.1, sse4.2, popcnt, avx, aes, clmul, erms, ht, tsc, tscinvbit, tscinv

Memory: 4k page, physical 12483264k(2029692k free), swap 12483264k(772k free)

vm_info: OpenJDK 64-Bit Server VM (25.152-b01) for windows-amd64 JRE (1.8.0_152-release-915-b01), built by "builder" with MS VC++ 10.0 (VS2010)

time: Tue Dec 05 13:28:59 2017
elapsed time: 5 seconds (0d 0h 0m 5s)

