#
# There is insufficient memory for the Java Runtime Environment to continue.
# Native memory allocation (malloc) failed to allocate 775776 bytes for Chunk::new
# Possible reasons:
#   The system is out of physical RAM or swap space
#   In 32 bit mode, the process size limit was hit
# Possible solutions:
#   Reduce memory load on the system
#   Increase physical memory or swap space
#   Check if swap backing store is full
#   Use 64 bit Java on a 64 bit OS
#   Decrease Java heap size (-Xmx/-Xms)
#   Decrease number of Java threads
#   Decrease Java thread stack sizes (-Xss)
#   Set larger code cache with -XX:ReservedCodeCacheSize=
# This output file may be truncated or incomplete.
#
#  Out of Memory Error (allocation.cpp:390), pid=14444, tid=0x00000000000041c0
#
# JRE version: OpenJDK Runtime Environment (8.0_152-b01) (build 1.8.0_152-release-915-b01)
# Java VM: OpenJDK 64-Bit Server VM (25.152-b01 mixed mode windows-amd64 compressed oops)
# Failed to write core dump. Minidumps are not enabled by default on client versions of Windows
#

---------------  T H R E A D  ---------------

Current thread (0x000000001575e000):  JavaThread "C2 CompilerThread0" daemon [_thread_in_native, id=16832, stack(0x0000000016db0000,0x0000000016eb0000)]

Stack: [0x0000000016db0000,0x0000000016eb0000]
[error occurred during error reporting (printing stack bounds), id 0xc0000005]

Native frames: (J=compiled Java code, j=interpreted, Vv=VM code, C=native code)


Current CompileTask:
C2:   3908  895       4       org.objectweb.asm.ClassReader::a (3587 bytes)


---------------  P R O C E S S  ---------------

Java Threads: ( => current thread )
  0x00000000170b7000 JavaThread "Service Thread" daemon [_thread_blocked, id=13676, stack(0x00000000174b0000,0x00000000175b0000)]
  0x0000000015766800 JavaThread "C1 CompilerThread2" daemon [_thread_blocked, id=3844, stack(0x0000000016fb0000,0x00000000170b0000)]
  0x0000000015760000 JavaThread "C2 CompilerThread1" daemon [_thread_in_native, id=11616, stack(0x0000000016eb0000,0x0000000016fb0000)]
=>0x000000001575e000 JavaThread "C2 CompilerThread0" daemon [_thread_in_native, id=16832, stack(0x0000000016db0000,0x0000000016eb0000)]
  0x000000001575c000 JavaThread "Attach Listener" daemon [_thread_blocked, id=17004, stack(0x0000000016cb0000,0x0000000016db0000)]
  0x000000001576a800 JavaThread "Signal Dispatcher" daemon [_thread_blocked, id=12152, stack(0x0000000016bb0000,0x0000000016cb0000)]
  0x0000000015748800 JavaThread "Finalizer" daemon [_thread_blocked, id=7052, stack(0x00000000169b0000,0x0000000016ab0000)]
  0x00000000053f5000 JavaThread "Reference Handler" daemon [_thread_blocked, id=16064, stack(0x00000000168b0000,0x00000000169b0000)]
  0x0000000005304000 JavaThread "main" [_thread_in_Java, id=8040, stack(0x0000000005100000,0x0000000005200000)]

Other Threads:
  0x0000000015725000 VMThread [stack: 0x00000000167b0000,0x00000000168b0000] [id=16916]
  0x00000000170b9800 WatcherThread [stack: 0x00000000175b0000,0x00000000176b0000] [id=8372]

VM state:not at safepoint (normal execution)

VM Mutex/Monitor currently owned by a thread: None

Heap:
 PSYoungGen      total 18944K, used 5589K [0x00000000feb00000, 0x0000000100000000, 0x0000000100000000)
  eden space 16384K, 18% used [0x00000000feb00000,0x00000000fedf6cd0,0x00000000ffb00000)
  from space 2560K, 99% used [0x00000000ffd80000,0x00000000ffffe800,0x0000000100000000)
  to   space 2560K, 0% used [0x00000000ffb00000,0x00000000ffb00000,0x00000000ffd80000)
 ParOldGen       total 44032K, used 4760K [0x00000000fc000000, 0x00000000feb00000, 0x00000000feb00000)
  object space 44032K, 10% used [0x00000000fc000000,0x00000000fc4a6098,0x00000000feb00000)
 Metaspace       used 7537K, capacity 7716K, committed 7936K, reserved 1056768K
  class space    used 868K, capacity 956K, committed 1024K, reserved 1048576K

Card table byte_map: [0x0000000003700000,0x0000000003730000] byte_map_base: 0x0000000002f20000

Marking Bits: (ParMarkBitMap*) 0x0000000051663950
 Begin Bits: [0x0000000014bc0000, 0x0000000014cc0000)
 End Bits:   [0x0000000014cc0000, 0x0000000014dc0000)

Polling page: 0x0000000003400000

CodeCache: size=245760Kb used=3692Kb max_used=3703Kb free=242067Kb
 bounds [0x0000000005400000, 0x00000000057a0000, 0x0000000014400000]
 total_blobs=1288 nmethods=957 adapters=245
 compilation: enabled

Compilation events (10 events):
Event: 3.887 Thread 0x0000000015766800  954       3       org.objectweb.asm.MethodVisitor::visitTryCatchBlock (20 bytes)
Event: 3.887 Thread 0x0000000015766800 nmethod 954 0x000000000578d990 code [0x000000000578db00, 0x000000000578dd68]
Event: 3.889 Thread 0x0000000015766800  958       3       java.lang.Integer::<init> (10 bytes)
Event: 3.889 Thread 0x0000000015766800 nmethod 958 0x000000000579a950 code [0x000000000579aac0, 0x000000000579acd0]
Event: 3.890 Thread 0x0000000015766800  959       1       java.util.Arrays$ArrayList::get (7 bytes)
Event: 3.890 Thread 0x0000000015766800 nmethod 959 0x000000000579ad90 code [0x000000000579aee0, 0x000000000579b010]
Event: 3.892 Thread 0x0000000015760000 nmethod 952 0x000000000579c910 code [0x000000000579cbc0, 0x000000000579d5d8]
Event: 3.892 Thread 0x0000000015760000  957       4       org.objectweb.asm.tree.MethodNode::getLabelNode (29 bytes)
Event: 3.893 Thread 0x0000000015760000 nmethod 957 0x000000000579f2d0 code [0x000000000579f420, 0x000000000579f578]
Event: 3.893 Thread 0x0000000015760000  956       4       org.objectweb.asm.MethodVisitor::visitMethodInsn (68 bytes)

GC Heap History (4 events):
Event: 2.857 GC heap before
{Heap before GC invocations=1 (full 0):
 PSYoungGen      total 18944K, used 16384K [0x00000000feb00000, 0x0000000100000000, 0x0000000100000000)
  eden space 16384K, 100% used [0x00000000feb00000,0x00000000ffb00000,0x00000000ffb00000)
  from space 2560K, 0% used [0x00000000ffd80000,0x00000000ffd80000,0x0000000100000000)
  to   space 2560K, 0% used [0x00000000ffb00000,0x00000000ffb00000,0x00000000ffd80000)
 ParOldGen       total 44032K, used 0K [0x00000000fc000000, 0x00000000feb00000, 0x00000000feb00000)
  object space 44032K, 0% used [0x00000000fc000000,0x00000000fc000000,0x00000000feb00000)
 Metaspace       used 6526K, capacity 6678K, committed 6784K, reserved 1056768K
  class space    used 768K, capacity 823K, committed 896K, reserved 1048576K
Event: 2.879 GC heap after
Heap after GC invocations=1 (full 0):
 PSYoungGen      total 18944K, used 2528K [0x00000000feb00000, 0x0000000100000000, 0x0000000100000000)
  eden space 16384K, 0% used [0x00000000feb00000,0x00000000feb00000,0x00000000ffb00000)
  from space 2560K, 98% used [0x00000000ffb00000,0x00000000ffd78030,0x00000000ffd80000)
  to   space 2560K, 0% used [0x00000000ffd80000,0x00000000ffd80000,0x0000000100000000)
 ParOldGen       total 44032K, used 1612K [0x00000000fc000000, 0x00000000feb00000, 0x00000000feb00000)
  object space 44032K, 3% used [0x00000000fc000000,0x00000000fc193380,0x00000000feb00000)
 Metaspace       used 6526K, capacity 6678K, committed 6784K, reserved 1056768K
  class space    used 768K, capacity 823K, committed 896K, reserved 1048576K
}
Event: 3.759 GC heap before
{Heap before GC invocations=2 (full 0):
 PSYoungGen      total 18944K, used 18912K [0x00000000feb00000, 0x0000000100000000, 0x0000000100000000)
  eden space 16384K, 100% used [0x00000000feb00000,0x00000000ffb00000,0x00000000ffb00000)
  from space 2560K, 98% used [0x00000000ffb00000,0x00000000ffd78030,0x00000000ffd80000)
  to   space 2560K, 0% used [0x00000000ffd80000,0x00000000ffd80000,0x0000000100000000)
 ParOldGen       total 44032K, used 1612K [0x00000000fc000000, 0x00000000feb00000, 0x00000000feb00000)
  object space 44032K, 3% used [0x00000000fc000000,0x00000000fc193380,0x00000000feb00000)
 Metaspace       used 7487K, capacity 7652K, committed 7936K, reserved 1056768K
  class space    used 868K, capacity 956K, committed 1024K, reserved 1048576K
Event: 3.836 GC heap after
Heap after GC invocations=2 (full 0):
 PSYoungGen      total 18944K, used 2554K [0x00000000feb00000, 0x0000000100000000, 0x0000000100000000)
  eden space 16384K, 0% used [0x00000000feb00000,0x00000000feb00000,0x00000000ffb00000)
  from space 2560K, 99% used [0x00000000ffd80000,0x00000000ffffe800,0x0000000100000000)
  to   space 2560K, 0% used [0x00000000ffb00000,0x00000000ffb00000,0x00000000ffd80000)
 ParOldGen       total 44032K, used 4760K [0x00000000fc000000, 0x00000000feb00000, 0x00000000feb00000)
  object space 44032K, 10% used [0x00000000fc000000,0x00000000fc4a6098,0x00000000feb00000)
 Metaspace       used 7487K, capacity 7652K, committed 7936K, reserved 1056768K
  class space    used 868K, capacity 956K, committed 1024K, reserved 1048576K
}

Deoptimization events (10 events):
Event: 2.769 Thread 0x0000000005304000 Uncommon trap: reason=unstable_if action=reinterpret pc=0x0000000005617b98 method=java.util.zip.ZipEntry.setExtra0([BZ)V @ 1
Event: 2.774 Thread 0x0000000005304000 Uncommon trap: reason=unstable_if action=reinterpret pc=0x000000000562c808 method=java.util.zip.ZipFile$ZipEntryIterator.hasNext()Z @ 25
Event: 2.774 Thread 0x0000000005304000 Uncommon trap: reason=unstable_if action=reinterpret pc=0x000000000562fcc8 method=java.util.zip.ZipCoder.decoder()Ljava/nio/charset/CharsetDecoder; @ 4
Event: 2.777 Thread 0x0000000005304000 Uncommon trap: reason=unstable_if action=reinterpret pc=0x000000000562692c method=java.util.zip.ZipCoder.decoder()Ljava/nio/charset/CharsetDecoder; @ 4
Event: 3.011 Thread 0x0000000005304000 Uncommon trap: reason=unstable_if action=reinterpret pc=0x0000000005647730 method=java.util.zip.ZipFile.getZipEntry(Ljava/lang/String;J)Ljava/util/zip/ZipEntry; @ 19
Event: 3.322 Thread 0x0000000005304000 Uncommon trap: reason=unloaded action=reinterpret pc=0x000000000563713c method=java.util.zip.ZipEntry.setExtra0([BZ)V @ 37
Event: 3.400 Thread 0x0000000005304000 Uncommon trap: reason=unstable_if action=reinterpret pc=0x00000000055eb378 method=java.lang.String.<init>([CII)V @ 18
Event: 3.746 Thread 0x0000000005304000 Uncommon trap: reason=unstable_if action=reinterpret pc=0x000000000573b38c method=org.objectweb.asm.Type.getArgumentsAndReturnSizes(Ljava/lang/String;)I @ 136
Event: 3.754 Thread 0x0000000005304000 Uncommon trap: reason=unstable_if action=reinterpret pc=0x000000000572021c method=org.objectweb.asm.Item.a(Lorg/objectweb/asm/Item;)Z @ 251
Event: 3.881 Thread 0x0000000005304000 Uncommon trap: reason=unstable_if action=reinterpret pc=0x0000000005768f20 method=org.objectweb.asm.MethodWriter.visitVarInsn(II)V @ 142

Classes redefined (0 events):
No events

Internal exceptions (10 events):
Event: 2.777 Thread 0x0000000005304000 Implicit null exception at 0x0000000005626324 to 0x00000000056268fd
Event: 3.054 Thread 0x0000000005304000 Exception <a 'sun/nio/fs/WindowsException'> (0x00000000ff1580e0) thrown at [D:\src\AOSP-openjdk-cygwin\jdk8u\hotspot\src\share\vm\prims\jni.cpp, line 709]
Event: 3.054 Thread 0x0000000005304000 Exception <a 'sun/nio/fs/WindowsException'> (0x00000000ff1586b0) thrown at [D:\src\AOSP-openjdk-cygwin\jdk8u\hotspot\src\share\vm\prims\jni.cpp, line 709]
Event: 3.055 Thread 0x0000000005304000 Exception <a 'sun/nio/fs/WindowsException'> (0x00000000ff158c88) thrown at [D:\src\AOSP-openjdk-cygwin\jdk8u\hotspot\src\share\vm\prims\jni.cpp, line 709]
Event: 3.055 Thread 0x0000000005304000 Exception <a 'sun/nio/fs/WindowsException'> (0x00000000ff159458) thrown at [D:\src\AOSP-openjdk-cygwin\jdk8u\hotspot\src\share\vm\prims\jni.cpp, line 709]
Event: 3.055 Thread 0x0000000005304000 Exception <a 'sun/nio/fs/WindowsException'> (0x00000000ff159a08) thrown at [D:\src\AOSP-openjdk-cygwin\jdk8u\hotspot\src\share\vm\prims\jni.cpp, line 709]
Event: 3.055 Thread 0x0000000005304000 Exception <a 'sun/nio/fs/WindowsException'> (0x00000000ff15a1b8) thrown at [D:\src\AOSP-openjdk-cygwin\jdk8u\hotspot\src\share\vm\prims\jni.cpp, line 709]
Event: 3.106 Thread 0x0000000005304000 Exception <a 'sun/nio/fs/WindowsException'> (0x00000000ff15f590) thrown at [D:\src\AOSP-openjdk-cygwin\jdk8u\hotspot\src\share\vm\prims\jni.cpp, line 709]
Event: 3.384 Thread 0x0000000005304000 Exception <a 'sun/nio/fs/WindowsException'> (0x00000000ff49c020) thrown at [D:\src\AOSP-openjdk-cygwin\jdk8u\hotspot\src\share\vm\prims\jni.cpp, line 709]
Event: 3.384 Thread 0x0000000005304000 Exception <a 'sun/nio/fs/WindowsException'> (0x00000000ff49c5a8) thrown at [D:\src\AOSP-openjdk-cygwin\jdk8u\hotspot\src\share\vm\prims\jni.cpp, line 709]

Events (10 events):
Event: 3.749 Thread 0x0000000005304000 DEOPT PACKING pc=0x000000000555fe47 sp=0x00000000051fec70
Event: 3.749 Thread 0x0000000005304000 DEOPT UNPACKING pc=0x00000000054475bf sp=0x00000000051fe9a0 mode 0
Event: 3.754 Thread 0x0000000005304000 Uncommon trap: trap_request=0xffffff65 fr.pc=0x000000000572021c
Event: 3.754 Thread 0x0000000005304000 DEOPT PACKING pc=0x000000000572021c sp=0x00000000051fe650
Event: 3.754 Thread 0x0000000005304000 DEOPT UNPACKING pc=0x000000000544556a sp=0x00000000051fe5e8 mode 2
Event: 3.759 Executing VM operation: ParallelGCFailedAllocation
Event: 3.836 Executing VM operation: ParallelGCFailedAllocation done
Event: 3.881 Thread 0x0000000005304000 Uncommon trap: trap_request=0xffffff65 fr.pc=0x0000000005768f20
Event: 3.881 Thread 0x0000000005304000 DEOPT PACKING pc=0x0000000005768f20 sp=0x00000000051fe830
Event: 3.881 Thread 0x0000000005304000 DEOPT UNPACKING pc=0x000000000544556a sp=0x00000000051fe778 mode 2


Dynamic libraries:
0x00007ff7a97d0000 - 0x00007ff7a9801000 	C:\Program Files\PROGRAMY\Android\Android Studio\jre\bin\java.exe
0x00007ffa2e320000 - 0x00007ffa2e500000 	C:\WINDOWS\SYSTEM32\ntdll.dll
0x00007ffa2bf10000 - 0x00007ffa2bfbe000 	C:\WINDOWS\System32\KERNEL32.DLL
0x00007ffa2a880000 - 0x00007ffa2aae6000 	C:\WINDOWS\System32\KERNELBASE.dll
0x00007ffa2bb00000 - 0x00007ffa2bba1000 	C:\WINDOWS\System32\ADVAPI32.dll
0x00007ffa2ddd0000 - 0x00007ffa2de6d000 	C:\WINDOWS\System32\msvcrt.dll
0x00007ffa2bfc0000 - 0x00007ffa2c01b000 	C:\WINDOWS\System32\sechost.dll
0x00007ffa2c470000 - 0x00007ffa2c58f000 	C:\WINDOWS\System32\RPCRT4.dll
0x00007ffa2de70000 - 0x00007ffa2dfff000 	C:\WINDOWS\System32\USER32.dll
0x00007ffa2aaf0000 - 0x00007ffa2ab10000 	C:\WINDOWS\System32\win32u.dll
0x00007ffa2bbb0000 - 0x00007ffa2bbd8000 	C:\WINDOWS\System32\GDI32.dll
0x00007ffa2ac60000 - 0x00007ffa2adf4000 	C:\WINDOWS\System32\gdi32full.dll
0x00007ffa2abc0000 - 0x00007ffa2ac5b000 	C:\WINDOWS\System32\msvcp_win.dll
0x00007ffa2a780000 - 0x00007ffa2a876000 	C:\WINDOWS\System32\ucrtbase.dll
0x00007ffa1e780000 - 0x00007ffa1e9e9000 	C:\WINDOWS\WinSxS\amd64_microsoft.windows.common-controls_6595b64144ccf1df_6.0.16299.64_none_cc9304e22215ca8f\COMCTL32.dll
0x00007ffa2bbe0000 - 0x00007ffa2bee8000 	C:\WINDOWS\System32\combase.dll
0x00007ffa2b550000 - 0x00007ffa2b5c2000 	C:\WINDOWS\System32\bcryptPrimitives.dll
0x00007ffa2c590000 - 0x00007ffa2c5bd000 	C:\WINDOWS\System32\IMM32.DLL
0x0000000050ce0000 - 0x0000000050db2000 	C:\Program Files\PROGRAMY\Android\Android Studio\jre\jre\bin\msvcr100.dll
0x0000000050ea0000 - 0x00000000516de000 	C:\Program Files\PROGRAMY\Android\Android Studio\jre\jre\bin\server\jvm.dll
0x00007ffa2b7f0000 - 0x00007ffa2b7f8000 	C:\WINDOWS\System32\PSAPI.DLL
0x00007ffa155c0000 - 0x00007ffa155c9000 	C:\WINDOWS\SYSTEM32\WSOCK32.dll
0x00007ffa2c7a0000 - 0x00007ffa2c80c000 	C:\WINDOWS\System32\WS2_32.dll
0x00007ffa28960000 - 0x00007ffa28983000 	C:\WINDOWS\SYSTEM32\WINMM.dll
0x00007ffa21190000 - 0x00007ffa2119a000 	C:\WINDOWS\SYSTEM32\VERSION.dll
0x00007ffa28900000 - 0x00007ffa2892a000 	C:\WINDOWS\SYSTEM32\WINMMBASE.dll
0x00007ffa2b7a0000 - 0x00007ffa2b7ea000 	C:\WINDOWS\System32\cfgmgr32.dll
0x00007ffa27530000 - 0x00007ffa2753f000 	C:\Program Files\PROGRAMY\Android\Android Studio\jre\jre\bin\verify.dll
0x00007ffa26750000 - 0x00007ffa26779000 	C:\Program Files\PROGRAMY\Android\Android Studio\jre\jre\bin\java.dll
0x00007ffa26730000 - 0x00007ffa26746000 	C:\Program Files\PROGRAMY\Android\Android Studio\jre\jre\bin\zip.dll
0x00007ffa2c880000 - 0x00007ffa2dcb7000 	C:\WINDOWS\System32\SHELL32.dll
0x00007ffa2b9d0000 - 0x00007ffa2ba76000 	C:\WINDOWS\System32\shcore.dll
0x00007ffa2ae00000 - 0x00007ffa2b547000 	C:\WINDOWS\System32\windows.storage.dll
0x00007ffa2b8a0000 - 0x00007ffa2b8f1000 	C:\WINDOWS\System32\shlwapi.dll
0x00007ffa2a6e0000 - 0x00007ffa2a6f1000 	C:\WINDOWS\System32\kernel.appcore.dll
0x00007ffa2a690000 - 0x00007ffa2a6dc000 	C:\WINDOWS\System32\powrprof.dll
0x00007ffa2a670000 - 0x00007ffa2a68b000 	C:\WINDOWS\System32\profapi.dll
0x00007ffa2a060000 - 0x00007ffa2a077000 	C:\WINDOWS\SYSTEM32\CRYPTSP.dll
0x00007ffa29ab0000 - 0x00007ffa29ae3000 	C:\WINDOWS\system32\rsaenh.dll
0x00007ffa2a170000 - 0x00007ffa2a195000 	C:\WINDOWS\SYSTEM32\bcrypt.dll
0x00007ffa2a570000 - 0x00007ffa2a599000 	C:\WINDOWS\SYSTEM32\USERENV.dll
0x00007ffa2a080000 - 0x00007ffa2a08b000 	C:\WINDOWS\SYSTEM32\CRYPTBASE.dll
0x00007ffa1f560000 - 0x00007ffa1f57a000 	C:\Program Files\PROGRAMY\Android\Android Studio\jre\jre\bin\net.dll
0x00007ffa29ea0000 - 0x00007ffa29f06000 	C:\WINDOWS\system32\mswsock.dll
0x00007ffa29c30000 - 0x00007ffa29c69000 	C:\WINDOWS\SYSTEM32\IPHLPAPI.DLL
0x00007ffa2c810000 - 0x00007ffa2c818000 	C:\WINDOWS\System32\NSI.dll
0x00007ffa25190000 - 0x00007ffa251a6000 	C:\WINDOWS\SYSTEM32\dhcpcsvc6.DLL
0x00007ffa25b10000 - 0x00007ffa25b2a000 	C:\WINDOWS\SYSTEM32\dhcpcsvc.DLL
0x00007ffa1f4f0000 - 0x00007ffa1f501000 	C:\Program Files\PROGRAMY\Android\Android Studio\jre\jre\bin\nio.dll

VM Arguments:
jvm_args: -Djava.awt.headless=true -Xmx64M -Dfile.encoding=windows-1250 -Duser.country=PL -Duser.language=pl -Duser.variant 
java_command: com.google.devtools.build.android.desugar.Desugar --input C:\Users\micha\GIT\GitHub\books\app\build\intermediates\transforms\stackFramesFixer\debug\22.jar --output C:\Users\micha\GIT\GitHub\books\app\build\intermediates\transforms\desugar\debug\23.jar --input C:\Users\micha\GIT\GitHub\books\app\build\intermediates\transforms\stackFramesFixer\debug\15.jar --output C:\Users\micha\GIT\GitHub\books\app\build\intermediates\transforms\desugar\debug\16.jar --input C:\Users\micha\GIT\GitHub\books\app\build\intermediates\transforms\stackFramesFixer\debug\14.jar --output C:\Users\micha\GIT\GitHub\books\app\build\intermediates\transforms\desugar\debug\15.jar --input C:\Users\micha\GIT\GitHub\books\app\build\intermediates\transforms\stackFramesFixer\debug\8.jar --output C:\Users\micha\GIT\GitHub\books\app\build\intermediates\transforms\desugar\debug\9.jar --input C:\Users\micha\GIT\GitHub\books\app\build\intermediates\transforms\stackFramesFixer\debug\5.jar --output C:\Users\micha\GIT\GitHub\books\app\build\intermediates\transforms\desugar\debug\6.jar --input C:\Users\micha\GIT\GitHub\books\app\build\intermediates\transforms\stackFramesFixer\debug\17.jar --output C:\Users\micha\GIT\GitHub\books\app\build\intermediates\transforms\desugar\debug\18.jar --input C:\Users\micha\GIT\GitHub\books\app\build\intermediates\transforms\stackFramesFixer\debug\11.jar --output C:\Users\micha\GIT\GitHub\books\app\build\intermediates\transforms\desugar\debug\12.jar --input C:\Users\micha\GIT\GitHub\books\app\build\intermediates\transforms\stackFramesFixer\debug\35.jar --output C:\Users\micha\GIT\GitHub\books\app\build\intermediates\transforms\desugar\debug\36.jar --input C:\Users\micha\GIT\GitHub\books\app\build\intermediates\transforms\stackFramesFixer\debug\36.jar --output C:\Users\micha\GIT\GitHub\books\app\build\intermediates\transforms\desugar\debug\37.jar --input C:\Users\micha\GIT\GitHub\books\app\build\intermediates\classes\debug --output C:\Users\micha\GIT\GitHub\books\a
java_class_path (initial): C:\Users\micha\AppData\Local\Temp\desugar_deploy.jar8104957556560126708
Launcher Type: SUN_STANDARD

Environment Variables:
PATH=C:\ProgramData\Oracle\Java\javapath;C:\WINDOWS\system32;C:\WINDOWS;C:\WINDOWS\System32\Wbem;C:\WINDOWS\System32\WindowsPowerShell\v1.0\;C:\Program Files\Microsoft SQL Server\130\Tools\Binn\;C:\Program Files\PROGRAMY\OpenVPN\bin;C:\Program Files\dotnet\;C:\Program Files\PROGRAMY\TortoiseGit\bin;C:\Program Files\Git\cmd;C:\Users\micha\AppData\Local\Microsoft\WindowsApps;;C:\Program Files (x86)\Microsoft VS Code\bin
USERNAME=micha
OS=Windows_NT
PROCESSOR_IDENTIFIER=Intel64 Family 6 Model 58 Stepping 9, GenuineIntel



---------------  S Y S T E M  ---------------

OS: Windows 10.0 , 64 bit Build 16299 (10.0.16299.15)

CPU:total 4 (initial active 4) (2 cores per cpu, 2 threads per core) family 6 model 58 stepping 9, cmov, cx8, fxsr, mmx, sse, sse2, sse3, ssse3, sse4.1, sse4.2, popcnt, avx, aes, clmul, erms, ht, tsc, tscinvbit, tscinv

Memory: 4k page, physical 12483264k(2616660k free), swap 12483264k(24k free)

vm_info: OpenJDK 64-Bit Server VM (25.152-b01) for windows-amd64 JRE (1.8.0_152-release-915-b01), built by "builder" with MS VC++ 10.0 (VS2010)

time: Thu Nov 30 11:59:24 2017
elapsed time: 4 seconds (0d 0h 0m 4s)

