#
# There is insufficient memory for the Java Runtime Environment to continue.
# Native memory allocation (malloc) failed to allocate 164096 bytes for Chunk::new
# Possible reasons:
#   The system is out of physical RAM or swap space
#   In 32 bit mode, the process size limit was hit
# Possible solutions:
#   Reduce memory load on the system
#   Increase physical memory or swap space
#   Check if swap backing store is full
#   Use 64 bit Java on a 64 bit OS
#   Decrease Java heap size (-Xmx/-Xms)
#   Decrease number of Java threads
#   Decrease Java thread stack sizes (-Xss)
#   Set larger code cache with -XX:ReservedCodeCacheSize=
# This output file may be truncated or incomplete.
#
#  Out of Memory Error (allocation.cpp:390), pid=6168, tid=0x0000000000001bf4
#
# JRE version: OpenJDK Runtime Environment (8.0_152-b01) (build 1.8.0_152-release-915-b01)
# Java VM: OpenJDK 64-Bit Server VM (25.152-b01 mixed mode windows-amd64 compressed oops)
# Failed to write core dump. Minidumps are not enabled by default on client versions of Windows
#

---------------  T H R E A D  ---------------

Current thread (0x0000000014c9f800):  JavaThread "C2 CompilerThread1" daemon [_thread_in_native, id=7156, stack(0x0000000016410000,0x0000000016510000)]

Stack: [0x0000000016410000,0x0000000016510000]
[error occurred during error reporting (printing stack bounds), id 0xc0000005]

Native frames: (J=compiled Java code, j=interpreted, Vv=VM code, C=native code)


Current CompileTask:
C2:   2001  648   !   4       sun.nio.fs.WindowsPath::initOffsets (153 bytes)


---------------  P R O C E S S  ---------------

Java Threads: ( => current thread )
  0x0000000016529800 JavaThread "Service Thread" daemon [_thread_blocked, id=5444, stack(0x0000000016a10000,0x0000000016b10000)]
  0x0000000014cf8000 JavaThread "C1 CompilerThread2" daemon [_thread_blocked, id=4208, stack(0x0000000016910000,0x0000000016a10000)]
=>0x0000000014c9f800 JavaThread "C2 CompilerThread1" daemon [_thread_in_native, id=7156, stack(0x0000000016410000,0x0000000016510000)]
  0x0000000014c9d800 JavaThread "C2 CompilerThread0" daemon [_thread_blocked, id=9284, stack(0x0000000016310000,0x0000000016410000)]
  0x0000000014c9b800 JavaThread "Attach Listener" daemon [_thread_blocked, id=8000, stack(0x0000000016210000,0x0000000016310000)]
  0x0000000014ca9800 JavaThread "Signal Dispatcher" daemon [_thread_blocked, id=8364, stack(0x0000000016110000,0x0000000016210000)]
  0x0000000014c88800 JavaThread "Finalizer" daemon [_thread_blocked, id=3632, stack(0x0000000015f10000,0x0000000016010000)]
  0x0000000004934800 JavaThread "Reference Handler" daemon [_thread_blocked, id=5840, stack(0x0000000015e10000,0x0000000015f10000)]
  0x0000000004843800 JavaThread "main" [_thread_in_Java, id=4280, stack(0x0000000004740000,0x0000000004840000)]

Other Threads:
  0x0000000014c65800 VMThread [stack: 0x0000000015d10000,0x0000000015e10000] [id=3276]
  0x0000000014cfe000 WatcherThread [stack: 0x0000000016b10000,0x0000000016c10000] [id=7324]

VM state:not at safepoint (normal execution)

VM Mutex/Monitor currently owned by a thread: None

Heap:
 PSYoungGen      total 18944K, used 10659K [0x00000000feb00000, 0x0000000100000000, 0x0000000100000000)
  eden space 16384K, 49% used [0x00000000feb00000,0x00000000ff2f0be0,0x00000000ffb00000)
  from space 2560K, 98% used [0x00000000ffb00000,0x00000000ffd78030,0x00000000ffd80000)
  to   space 2560K, 0% used [0x00000000ffd80000,0x00000000ffd80000,0x0000000100000000)
 ParOldGen       total 44032K, used 1653K [0x00000000fc000000, 0x00000000feb00000, 0x00000000feb00000)
  object space 44032K, 3% used [0x00000000fc000000,0x00000000fc19d730,0x00000000feb00000)
 Metaspace       used 6818K, capacity 6968K, committed 7040K, reserved 1056768K
  class space    used 809K, capacity 860K, committed 896K, reserved 1048576K

Card table byte_map: [0x0000000004690000,0x00000000046c0000] byte_map_base: 0x0000000003eb0000

Marking Bits: (ParMarkBitMap*) 0x0000000059003950
 Begin Bits: [0x0000000014100000, 0x0000000014200000)
 End Bits:   [0x0000000014200000, 0x0000000014300000)

Polling page: 0x00000000029a0000

CodeCache: size=245760Kb used=2482Kb max_used=2487Kb free=243277Kb
 bounds [0x0000000004940000, 0x0000000004bb0000, 0x0000000013940000]
 total_blobs=976 nmethods=654 adapters=234
 compilation: disabled (not enough contiguous free space left)

Compilation events (10 events):
Event: 1.976 Thread 0x0000000014cf8000 nmethod 651 0x0000000004bac790 code [0x0000000004bac8e0, 0x0000000004bac9f0]
Event: 1.978 Thread 0x0000000014cf8000  652       3       sun.nio.fs.WindowsPath::getNameCount (10 bytes)
Event: 1.978 Thread 0x0000000014cf8000 nmethod 652 0x0000000004baca50 code [0x0000000004bacbc0, 0x0000000004bacd68]
Event: 1.979 Thread 0x0000000014cf8000  653       3       java.util.ArrayList::toArray (60 bytes)
Event: 1.979 Thread 0x0000000014c9d800  654       4       java.lang.String::substring (79 bytes)
Event: 1.979 Thread 0x0000000014cf8000 nmethod 653 0x0000000004bace10 code [0x0000000004bacfa0, 0x0000000004bad558]
Event: 1.979 Thread 0x0000000014cf8000  655       1       java.lang.AbstractStringBuilder::length (5 bytes)
Event: 1.979 Thread 0x0000000014cf8000 nmethod 655 0x0000000004bad690 code [0x0000000004bad7e0, 0x0000000004bad8f0]
Event: 1.979 Thread 0x0000000014cf8000  656       1       com.google.devtools.build.android.desugar.DirectoryInputFileProvider::access$000 (5 bytes)
Event: 1.979 Thread 0x0000000014cf8000 nmethod 656 0x0000000004bad950 code [0x0000000004badaa0, 0x0000000004badb90]

GC Heap History (2 events):
Event: 1.661 GC heap before
{Heap before GC invocations=1 (full 0):
 PSYoungGen      total 18944K, used 16384K [0x00000000feb00000, 0x0000000100000000, 0x0000000100000000)
  eden space 16384K, 100% used [0x00000000feb00000,0x00000000ffb00000,0x00000000ffb00000)
  from space 2560K, 0% used [0x00000000ffd80000,0x00000000ffd80000,0x0000000100000000)
  to   space 2560K, 0% used [0x00000000ffb00000,0x00000000ffb00000,0x00000000ffd80000)
 ParOldGen       total 44032K, used 0K [0x00000000fc000000, 0x00000000feb00000, 0x00000000feb00000)
  object space 44032K, 0% used [0x00000000fc000000,0x00000000fc000000,0x00000000feb00000)
 Metaspace       used 6519K, capacity 6666K, committed 6784K, reserved 1056768K
  class space    used 768K, capacity 823K, committed 896K, reserved 1048576K
Event: 1.666 GC heap after
Heap after GC invocations=1 (full 0):
 PSYoungGen      total 18944K, used 2528K [0x00000000feb00000, 0x0000000100000000, 0x0000000100000000)
  eden space 16384K, 0% used [0x00000000feb00000,0x00000000feb00000,0x00000000ffb00000)
  from space 2560K, 98% used [0x00000000ffb00000,0x00000000ffd78030,0x00000000ffd80000)
  to   space 2560K, 0% used [0x00000000ffd80000,0x00000000ffd80000,0x0000000100000000)
 ParOldGen       total 44032K, used 1653K [0x00000000fc000000, 0x00000000feb00000, 0x00000000feb00000)
  object space 44032K, 3% used [0x00000000fc000000,0x00000000fc19d730,0x00000000feb00000)
 Metaspace       used 6519K, capacity 6666K, committed 6784K, reserved 1056768K
  class space    used 768K, capacity 823K, committed 896K, reserved 1048576K
}

Deoptimization events (10 events):
Event: 1.615 Thread 0x0000000004843800 Uncommon trap: reason=unstable_if action=reinterpret pc=0x0000000004b6d36c method=java.util.zip.ZipFile$ZipEntryIterator.hasNext()Z @ 25
Event: 1.615 Thread 0x0000000004843800 Uncommon trap: reason=unstable_if action=reinterpret pc=0x0000000004b7181c method=java.util.zip.ZipCoder.decoder()Ljava/nio/charset/CharsetDecoder; @ 4
Event: 1.615 Thread 0x0000000004843800 Uncommon trap: reason=unstable_if action=reinterpret pc=0x0000000004b69bd8 method=java.util.zip.ZipEntry.setExtra0([BZ)V @ 1
Event: 1.619 Thread 0x0000000004843800 Uncommon trap: reason=unstable_if action=reinterpret pc=0x0000000004b6db88 method=java.util.zip.ZipFile$ZipEntryIterator.hasNext()Z @ 25
Event: 1.620 Thread 0x0000000004843800 Uncommon trap: reason=unstable_if action=reinterpret pc=0x0000000004b6a5ac method=java.util.zip.ZipCoder.decoder()Ljava/nio/charset/CharsetDecoder; @ 4
Event: 1.624 Thread 0x0000000004843800 Uncommon trap: reason=unstable_if action=reinterpret pc=0x0000000004b6e2dc method=java.util.zip.ZipFile$ZipEntryIterator.hasNext()Z @ 25
Event: 1.626 Thread 0x0000000004843800 Uncommon trap: reason=unstable_if action=reinterpret pc=0x0000000004b6663c method=java.util.zip.ZipCoder.decoder()Ljava/nio/charset/CharsetDecoder; @ 4
Event: 1.719 Thread 0x0000000004843800 Uncommon trap: reason=unstable_if action=reinterpret pc=0x0000000004b87dc8 method=java.util.HashMap$HashIterator.nextNode()Ljava/util/HashMap$Node; @ 74
Event: 1.758 Thread 0x0000000004843800 Uncommon trap: reason=unstable_if action=reinterpret pc=0x0000000004b81a70 method=java.util.zip.ZipFile.getZipEntry(Ljava/lang/String;J)Ljava/util/zip/ZipEntry; @ 19
Event: 1.854 Thread 0x0000000004843800 Uncommon trap: reason=unstable_if action=reinterpret pc=0x0000000004b898c8 method=java.util.HashMap$HashIterator.nextNode()Ljava/util/HashMap$Node; @ 74

Classes redefined (0 events):
No events

Internal exceptions (10 events):
Event: 1.615 Thread 0x0000000004843800 Implicit null exception at 0x0000000004b70e45 to 0x0000000004b717dd
Event: 1.620 Thread 0x0000000004843800 Implicit null exception at 0x0000000004b69fa4 to 0x0000000004b6a57d
Event: 1.624 Thread 0x0000000004843800 Implicit null exception at 0x0000000004b661b8 to 0x0000000004b66621
Event: 1.851 Thread 0x0000000004843800 Exception <a 'sun/nio/fs/WindowsException'> (0x00000000ff1357d0) thrown at [D:\src\AOSP-openjdk-cygwin\jdk8u\hotspot\src\share\vm\prims\jni.cpp, line 709]
Event: 1.851 Thread 0x0000000004843800 Exception <a 'sun/nio/fs/WindowsException'> (0x00000000ff135da0) thrown at [D:\src\AOSP-openjdk-cygwin\jdk8u\hotspot\src\share\vm\prims\jni.cpp, line 709]
Event: 1.852 Thread 0x0000000004843800 Exception <a 'sun/nio/fs/WindowsException'> (0x00000000ff136378) thrown at [D:\src\AOSP-openjdk-cygwin\jdk8u\hotspot\src\share\vm\prims\jni.cpp, line 709]
Event: 1.852 Thread 0x0000000004843800 Exception <a 'sun/nio/fs/WindowsException'> (0x00000000ff136b48) thrown at [D:\src\AOSP-openjdk-cygwin\jdk8u\hotspot\src\share\vm\prims\jni.cpp, line 709]
Event: 1.852 Thread 0x0000000004843800 Exception <a 'sun/nio/fs/WindowsException'> (0x00000000ff1370f8) thrown at [D:\src\AOSP-openjdk-cygwin\jdk8u\hotspot\src\share\vm\prims\jni.cpp, line 709]
Event: 1.852 Thread 0x0000000004843800 Exception <a 'sun/nio/fs/WindowsException'> (0x00000000ff1378a8) thrown at [D:\src\AOSP-openjdk-cygwin\jdk8u\hotspot\src\share\vm\prims\jni.cpp, line 709]
Event: 1.898 Thread 0x0000000004843800 Exception <a 'sun/nio/fs/WindowsException'> (0x00000000ff13cc80) thrown at [D:\src\AOSP-openjdk-cygwin\jdk8u\hotspot\src\share\vm\prims\jni.cpp, line 709]

Events (10 events):
Event: 1.931 loading class java/util/stream/TerminalSink
Event: 1.931 loading class java/util/stream/Sink
Event: 1.931 loading class java/util/stream/Sink done
Event: 1.931 loading class java/util/stream/TerminalSink done
Event: 1.931 loading class java/util/stream/ForEachOps$ForEachOp done
Event: 1.931 loading class java/util/stream/ForEachOps$ForEachOp$OfRef done
Event: 1.931 loading class java/util/stream/ReferencePipeline$3$1
Event: 1.931 loading class java/util/stream/Sink$ChainedReference
Event: 1.932 loading class java/util/stream/Sink$ChainedReference done
Event: 1.932 loading class java/util/stream/ReferencePipeline$3$1 done


Dynamic libraries:
0x00007ff74b450000 - 0x00007ff74b481000 	C:\Program Files\PROGRAMY\Android\Android Studio\jre\bin\java.exe
0x00007ffcf7000000 - 0x00007ffcf71e0000 	C:\WINDOWS\SYSTEM32\ntdll.dll
0x00007ffcf44d0000 - 0x00007ffcf457e000 	C:\WINDOWS\System32\KERNEL32.DLL
0x00007ffcf4070000 - 0x00007ffcf42d6000 	C:\WINDOWS\System32\KERNELBASE.dll
0x00007ffcf6580000 - 0x00007ffcf6621000 	C:\WINDOWS\System32\ADVAPI32.dll
0x00007ffcf4880000 - 0x00007ffcf491d000 	C:\WINDOWS\System32\msvcrt.dll
0x00007ffcf68d0000 - 0x00007ffcf692b000 	C:\WINDOWS\System32\sechost.dll
0x00007ffcf5020000 - 0x00007ffcf513f000 	C:\WINDOWS\System32\RPCRT4.dll
0x00007ffcf4920000 - 0x00007ffcf4aaf000 	C:\WINDOWS\System32\USER32.dll
0x00007ffcf3ff0000 - 0x00007ffcf4010000 	C:\WINDOWS\System32\win32u.dll
0x00007ffcf6930000 - 0x00007ffcf6958000 	C:\WINDOWS\System32\GDI32.dll
0x00007ffcf42e0000 - 0x00007ffcf4474000 	C:\WINDOWS\System32\gdi32full.dll
0x00007ffcf3400000 - 0x00007ffcf349b000 	C:\WINDOWS\System32\msvcp_win.dll
0x00007ffcf3bf0000 - 0x00007ffcf3ce6000 	C:\WINDOWS\System32\ucrtbase.dll
0x00007ffce9910000 - 0x00007ffce9b79000 	C:\WINDOWS\WinSxS\amd64_microsoft.windows.common-controls_6595b64144ccf1df_6.0.16299.64_none_cc9304e22215ca8f\COMCTL32.dll
0x00007ffcf4d10000 - 0x00007ffcf5018000 	C:\WINDOWS\System32\combase.dll
0x00007ffcf3f70000 - 0x00007ffcf3fe2000 	C:\WINDOWS\System32\bcryptPrimitives.dll
0x00007ffcf4580000 - 0x00007ffcf45ad000 	C:\WINDOWS\System32\IMM32.DLL
0x0000000058680000 - 0x0000000058752000 	C:\Program Files\PROGRAMY\Android\Android Studio\jre\jre\bin\msvcr100.dll
0x0000000058840000 - 0x000000005907e000 	C:\Program Files\PROGRAMY\Android\Android Studio\jre\jre\bin\server\jvm.dll
0x00007ffcf4610000 - 0x00007ffcf4618000 	C:\WINDOWS\System32\PSAPI.DLL
0x00007ffcef630000 - 0x00007ffcef639000 	C:\WINDOWS\SYSTEM32\WSOCK32.dll
0x00007ffcf6960000 - 0x00007ffcf69cc000 	C:\WINDOWS\System32\WS2_32.dll
0x00007ffcf1750000 - 0x00007ffcf1773000 	C:\WINDOWS\SYSTEM32\WINMM.dll
0x00007ffce9420000 - 0x00007ffce942a000 	C:\WINDOWS\SYSTEM32\VERSION.dll
0x00007ffcf15e0000 - 0x00007ffcf160a000 	C:\WINDOWS\SYSTEM32\WINMMBASE.dll
0x00007ffcf4480000 - 0x00007ffcf44ca000 	C:\WINDOWS\System32\cfgmgr32.dll
0x00007ffce8790000 - 0x00007ffce879f000 	C:\Program Files\PROGRAMY\Android\Android Studio\jre\jre\bin\verify.dll
0x00007ffcdcfa0000 - 0x00007ffcdcfc9000 	C:\Program Files\PROGRAMY\Android\Android Studio\jre\jre\bin\java.dll
0x00007ffce6e70000 - 0x00007ffce6e86000 	C:\Program Files\PROGRAMY\Android\Android Studio\jre\jre\bin\zip.dll
0x00007ffcf5140000 - 0x00007ffcf6577000 	C:\WINDOWS\System32\SHELL32.dll
0x00007ffcf4c60000 - 0x00007ffcf4d06000 	C:\WINDOWS\System32\shcore.dll
0x00007ffcf34a0000 - 0x00007ffcf3be7000 	C:\WINDOWS\System32\windows.storage.dll
0x00007ffcf4c00000 - 0x00007ffcf4c51000 	C:\WINDOWS\System32\shlwapi.dll
0x00007ffcf33a0000 - 0x00007ffcf33b1000 	C:\WINDOWS\System32\kernel.appcore.dll
0x00007ffcf3350000 - 0x00007ffcf339c000 	C:\WINDOWS\System32\powrprof.dll
0x00007ffcf33c0000 - 0x00007ffcf33db000 	C:\WINDOWS\System32\profapi.dll
0x00007ffcf2d40000 - 0x00007ffcf2d57000 	C:\WINDOWS\SYSTEM32\CRYPTSP.dll
0x00007ffcf2790000 - 0x00007ffcf27c3000 	C:\WINDOWS\system32\rsaenh.dll
0x00007ffcf2e50000 - 0x00007ffcf2e75000 	C:\WINDOWS\SYSTEM32\bcrypt.dll
0x00007ffcf3280000 - 0x00007ffcf32a9000 	C:\WINDOWS\SYSTEM32\USERENV.dll
0x00007ffcf2d60000 - 0x00007ffcf2d6b000 	C:\WINDOWS\SYSTEM32\CRYPTBASE.dll
0x00007ffce6de0000 - 0x00007ffce6dfa000 	C:\Program Files\PROGRAMY\Android\Android Studio\jre\jre\bin\net.dll
0x00007ffcf2b80000 - 0x00007ffcf2be6000 	C:\WINDOWS\system32\mswsock.dll
0x00007ffcf2910000 - 0x00007ffcf2949000 	C:\WINDOWS\SYSTEM32\IPHLPAPI.DLL
0x00007ffcf67f0000 - 0x00007ffcf67f8000 	C:\WINDOWS\System32\NSI.dll
0x00007ffcee670000 - 0x00007ffcee686000 	C:\WINDOWS\SYSTEM32\dhcpcsvc6.DLL
0x00007ffcee630000 - 0x00007ffcee64a000 	C:\WINDOWS\SYSTEM32\dhcpcsvc.DLL
0x00007ffce5c00000 - 0x00007ffce5c11000 	C:\Program Files\PROGRAMY\Android\Android Studio\jre\jre\bin\nio.dll

VM Arguments:
jvm_args: -Djava.awt.headless=true -Xmx64M -Dfile.encoding=windows-1250 -Duser.country=PL -Duser.language=pl -Duser.variant 
java_command: com.google.devtools.build.android.desugar.Desugar --input C:\Users\micha\GIT\GitHub\books\app\build\intermediates\transforms\stackFramesFixer\debug\15.jar --output C:\Users\micha\GIT\GitHub\books\app\build\intermediates\transforms\desugar\debug\16.jar --input C:\Users\micha\GIT\GitHub\books\app\build\intermediates\transforms\stackFramesFixer\debug\28.jar --output C:\Users\micha\GIT\GitHub\books\app\build\intermediates\transforms\desugar\debug\29.jar --input C:\Users\micha\GIT\GitHub\books\app\build\intermediates\transforms\stackFramesFixer\debug\2.jar --output C:\Users\micha\GIT\GitHub\books\app\build\intermediates\transforms\desugar\debug\3.jar --input C:\Users\micha\GIT\GitHub\books\app\build\intermediates\transforms\stackFramesFixer\debug\14.jar --output C:\Users\micha\GIT\GitHub\books\app\build\intermediates\transforms\desugar\debug\15.jar --input C:\Users\micha\GIT\GitHub\books\app\build\intermediates\transforms\stackFramesFixer\debug\8.jar --output C:\Users\micha\GIT\GitHub\books\app\build\intermediates\transforms\desugar\debug\9.jar --input C:\Users\micha\GIT\GitHub\books\app\build\intermediates\transforms\stackFramesFixer\debug\17.jar --output C:\Users\micha\GIT\GitHub\books\app\build\intermediates\transforms\desugar\debug\18.jar --input C:\Users\micha\GIT\GitHub\books\app\build\intermediates\transforms\stackFramesFixer\debug\0.jar --output C:\Users\micha\GIT\GitHub\books\app\build\intermediates\transforms\desugar\debug\1.jar --input C:\Users\micha\GIT\GitHub\books\app\build\intermediates\transforms\stackFramesFixer\debug\13.jar --output C:\Users\micha\GIT\GitHub\books\app\build\intermediates\transforms\desugar\debug\14.jar --classpath_entry C:\Users\micha\GIT\GitHub\books\app\build\intermediates\classes\debug --classpath_entry C:\Users\micha\GIT\GitHub\books\app\build\intermediates\transforms\stackFramesFixer\debug\0.jar --classpath_entry C:\Users\micha\GIT\GitHub\books\app\build\intermediates\transforms\stackFramesFixer\debug\1.jar --classp
java_class_path (initial): C:\Users\micha\AppData\Local\Temp\desugar_deploy.jar4341474777088539533
Launcher Type: SUN_STANDARD

Environment Variables:
PATH=C:\ProgramData\Oracle\Java\javapath;C:\WINDOWS\system32;C:\WINDOWS;C:\WINDOWS\System32\Wbem;C:\WINDOWS\System32\WindowsPowerShell\v1.0\;C:\Program Files\Microsoft SQL Server\130\Tools\Binn\;C:\Program Files\PROGRAMY\OpenVPN\bin;C:\Program Files\dotnet\;C:\Program Files\PROGRAMY\TortoiseGit\bin;C:\Program Files\Git\cmd;C:\Users\micha\AppData\Local\Microsoft\WindowsApps;;C:\Program Files (x86)\Microsoft VS Code\bin
USERNAME=micha
OS=Windows_NT
PROCESSOR_IDENTIFIER=Intel64 Family 6 Model 58 Stepping 9, GenuineIntel



---------------  S Y S T E M  ---------------

OS: Windows 10.0 , 64 bit Build 16299 (10.0.16299.15)

CPU:total 4 (initial active 4) (2 cores per cpu, 2 threads per core) family 6 model 58 stepping 9, cmov, cx8, fxsr, mmx, sse, sse2, sse3, ssse3, sse4.1, sse4.2, popcnt, avx, aes, clmul, erms, ht, tsc, tscinvbit, tscinv

Memory: 4k page, physical 12483264k(1438332k free), swap 12483264k(572k free)

vm_info: OpenJDK 64-Bit Server VM (25.152-b01) for windows-amd64 JRE (1.8.0_152-release-915-b01), built by "builder" with MS VC++ 10.0 (VS2010)

time: Wed Nov 29 11:18:09 2017
elapsed time: 2 seconds (0d 0h 0m 2s)

