#
# There is insufficient memory for the Java Runtime Environment to continue.
# Native memory allocation (malloc) failed to allocate 560176 bytes for Chunk::new
# Possible reasons:
#   The system is out of physical RAM or swap space
#   In 32 bit mode, the process size limit was hit
# Possible solutions:
#   Reduce memory load on the system
#   Increase physical memory or swap space
#   Check if swap backing store is full
#   Use 64 bit Java on a 64 bit OS
#   Decrease Java heap size (-Xmx/-Xms)
#   Decrease number of Java threads
#   Decrease Java thread stack sizes (-Xss)
#   Set larger code cache with -XX:ReservedCodeCacheSize=
# This output file may be truncated or incomplete.
#
#  Out of Memory Error (allocation.cpp:390), pid=13680, tid=0x0000000000002ea8
#
# JRE version: OpenJDK Runtime Environment (8.0_152-b01) (build 1.8.0_152-release-915-b01)
# Java VM: OpenJDK 64-Bit Server VM (25.152-b01 mixed mode windows-amd64 compressed oops)
# Failed to write core dump. Minidumps are not enabled by default on client versions of Windows
#

---------------  T H R E A D  ---------------

Current thread (0x0000000014ca0000):  JavaThread "C2 CompilerThread1" daemon [_thread_in_native, id=11944, stack(0x00000000163f0000,0x00000000164f0000)]

Stack: [0x00000000163f0000,0x00000000164f0000]
[error occurred during error reporting (printing stack bounds), id 0xc0000005]

Native frames: (J=compiled Java code, j=interpreted, Vv=VM code, C=native code)


Current CompileTask:
C2:   2726  861       4       org.objectweb.asm.ClassReader::a (3587 bytes)


---------------  P R O C E S S  ---------------

Java Threads: ( => current thread )
  0x0000000014cfd000 JavaThread "Service Thread" daemon [_thread_blocked, id=9460, stack(0x00000000169f0000,0x0000000016af0000)]
  0x0000000016500800 JavaThread "C1 CompilerThread2" daemon [_thread_blocked, id=12952, stack(0x00000000168f0000,0x00000000169f0000)]
=>0x0000000014ca0000 JavaThread "C2 CompilerThread1" daemon [_thread_in_native, id=11944, stack(0x00000000163f0000,0x00000000164f0000)]
  0x0000000014c9e000 JavaThread "C2 CompilerThread0" daemon [_thread_blocked, id=10684, stack(0x00000000162f0000,0x00000000163f0000)]
  0x0000000014c9c000 JavaThread "Attach Listener" daemon [_thread_blocked, id=2132, stack(0x00000000161f0000,0x00000000162f0000)]
  0x0000000014caa800 JavaThread "Signal Dispatcher" daemon [_thread_blocked, id=1764, stack(0x00000000160f0000,0x00000000161f0000)]
  0x0000000014c88000 JavaThread "Finalizer" daemon [_thread_blocked, id=16508, stack(0x0000000015ef0000,0x0000000015ff0000)]
  0x0000000004934800 JavaThread "Reference Handler" daemon [_thread_blocked, id=12396, stack(0x0000000015df0000,0x0000000015ef0000)]
  0x0000000004844000 JavaThread "main" [_thread_in_native, id=9928, stack(0x0000000004700000,0x0000000004800000)]

Other Threads:
  0x0000000014c65000 VMThread [stack: 0x0000000015cf0000,0x0000000015df0000] [id=16164]
  0x0000000016501000 WatcherThread [stack: 0x0000000016af0000,0x0000000016bf0000] [id=16208]

VM state:not at safepoint (normal execution)

VM Mutex/Monitor currently owned by a thread: None

Heap:
 PSYoungGen      total 18944K, used 6218K [0x00000000feb00000, 0x0000000100000000, 0x0000000100000000)
  eden space 16384K, 22% used [0x00000000feb00000,0x00000000fee942d8,0x00000000ffb00000)
  from space 2560K, 99% used [0x00000000ffd80000,0x00000000ffffe7e0,0x0000000100000000)
  to   space 2560K, 0% used [0x00000000ffb00000,0x00000000ffb00000,0x00000000ffd80000)
 ParOldGen       total 44032K, used 4775K [0x00000000fc000000, 0x00000000feb00000, 0x00000000feb00000)
  object space 44032K, 10% used [0x00000000fc000000,0x00000000fc4a9dc8,0x00000000feb00000)
 Metaspace       used 7575K, capacity 7712K, committed 7936K, reserved 1056768K
  class space    used 873K, capacity 956K, committed 1024K, reserved 1048576K

Card table byte_map: [0x0000000002950000,0x0000000002980000] byte_map_base: 0x0000000002170000

Marking Bits: (ParMarkBitMap*) 0x0000000051663950
 Begin Bits: [0x0000000014100000, 0x0000000014200000)
 End Bits:   [0x0000000014200000, 0x0000000014300000)

Polling page: 0x00000000005f0000

CodeCache: size=245760Kb used=3692Kb max_used=3692Kb free=242068Kb
 bounds [0x0000000004940000, 0x0000000004ce0000, 0x0000000013940000]
 total_blobs=1295 nmethods=964 adapters=245
 compilation: enabled

Compilation events (10 events):
Event: 2.624 Thread 0x0000000016500800  961       3       java.util.ArrayList::<init> (61 bytes)
Event: 2.624 Thread 0x0000000016500800 nmethod 961 0x0000000004cdbed0 code [0x0000000004cdc0e0, 0x0000000004cdcb58]
Event: 2.624 Thread 0x0000000016500800  962       3       org.objectweb.asm.ClassReader::accept (11 bytes)
Event: 2.624 Thread 0x0000000016500800 nmethod 962 0x0000000004ccf8d0 code [0x0000000004ccfa40, 0x0000000004ccfce8]
Event: 2.624 Thread 0x0000000016500800  963       3       com.google.common.base.Preconditions::checkArgument (13 bytes)
Event: 2.625 Thread 0x0000000016500800 nmethod 963 0x0000000004cdcfd0 code [0x0000000004cdd140, 0x0000000004cdd368]
Event: 2.625 Thread 0x0000000016500800  964       3       java.util.zip.CRC32::getValue (10 bytes)
Event: 2.625 Thread 0x0000000016500800 nmethod 964 0x0000000004ccf590 code [0x0000000004ccf6e0, 0x0000000004ccf850]
Event: 2.625 Thread 0x0000000016500800  965       1       com.google.common.collect.Iterators$1::hasNext (2 bytes)
Event: 2.625 Thread 0x0000000016500800 nmethod 965 0x0000000004cdd450 code [0x0000000004cdd5a0, 0x0000000004cdd6b0]

GC Heap History (4 events):
Event: 1.690 GC heap before
{Heap before GC invocations=1 (full 0):
 PSYoungGen      total 18944K, used 16384K [0x00000000feb00000, 0x0000000100000000, 0x0000000100000000)
  eden space 16384K, 100% used [0x00000000feb00000,0x00000000ffb00000,0x00000000ffb00000)
  from space 2560K, 0% used [0x00000000ffd80000,0x00000000ffd80000,0x0000000100000000)
  to   space 2560K, 0% used [0x00000000ffb00000,0x00000000ffb00000,0x00000000ffd80000)
 ParOldGen       total 44032K, used 0K [0x00000000fc000000, 0x00000000feb00000, 0x00000000feb00000)
  object space 44032K, 0% used [0x00000000fc000000,0x00000000fc000000,0x00000000feb00000)
 Metaspace       used 6503K, capacity 6674K, committed 6784K, reserved 1056768K
  class space    used 768K, capacity 823K, committed 896K, reserved 1048576K
Event: 1.708 GC heap after
Heap after GC invocations=1 (full 0):
 PSYoungGen      total 18944K, used 2528K [0x00000000feb00000, 0x0000000100000000, 0x0000000100000000)
  eden space 16384K, 0% used [0x00000000feb00000,0x00000000feb00000,0x00000000ffb00000)
  from space 2560K, 98% used [0x00000000ffb00000,0x00000000ffd78030,0x00000000ffd80000)
  to   space 2560K, 0% used [0x00000000ffd80000,0x00000000ffd80000,0x0000000100000000)
 ParOldGen       total 44032K, used 1624K [0x00000000fc000000, 0x00000000feb00000, 0x00000000feb00000)
  object space 44032K, 3% used [0x00000000fc000000,0x00000000fc196078,0x00000000feb00000)
 Metaspace       used 6503K, capacity 6674K, committed 6784K, reserved 1056768K
  class space    used 768K, capacity 823K, committed 896K, reserved 1048576K
}
Event: 2.428 GC heap before
{Heap before GC invocations=2 (full 0):
 PSYoungGen      total 18944K, used 18912K [0x00000000feb00000, 0x0000000100000000, 0x0000000100000000)
  eden space 16384K, 100% used [0x00000000feb00000,0x00000000ffb00000,0x00000000ffb00000)
  from space 2560K, 98% used [0x00000000ffb00000,0x00000000ffd78030,0x00000000ffd80000)
  to   space 2560K, 0% used [0x00000000ffd80000,0x00000000ffd80000,0x0000000100000000)
 ParOldGen       total 44032K, used 1624K [0x00000000fc000000, 0x00000000feb00000, 0x00000000feb00000)
  object space 44032K, 3% used [0x00000000fc000000,0x00000000fc196078,0x00000000feb00000)
 Metaspace       used 7510K, capacity 7648K, committed 7936K, reserved 1056768K
  class space    used 868K, capacity 956K, committed 1024K, reserved 1048576K
Event: 2.460 GC heap after
Heap after GC invocations=2 (full 0):
 PSYoungGen      total 18944K, used 2553K [0x00000000feb00000, 0x0000000100000000, 0x0000000100000000)
  eden space 16384K, 0% used [0x00000000feb00000,0x00000000feb00000,0x00000000ffb00000)
  from space 2560K, 99% used [0x00000000ffd80000,0x00000000ffffe7e0,0x0000000100000000)
  to   space 2560K, 0% used [0x00000000ffb00000,0x00000000ffb00000,0x00000000ffd80000)
 ParOldGen       total 44032K, used 4775K [0x00000000fc000000, 0x00000000feb00000, 0x00000000feb00000)
  object space 44032K, 10% used [0x00000000fc000000,0x00000000fc4a9dc8,0x00000000feb00000)
 Metaspace       used 7510K, capacity 7648K, committed 7936K, reserved 1056768K
  class space    used 868K, capacity 956K, committed 1024K, reserved 1048576K
}

Deoptimization events (10 events):
Event: 1.570 Thread 0x0000000004844000 Uncommon trap: reason=unstable_if action=reinterpret pc=0x0000000004b5c6c8 method=java.util.zip.ZipCoder.decoder()Ljava/nio/charset/CharsetDecoder; @ 4
Event: 1.573 Thread 0x0000000004844000 Uncommon trap: reason=unstable_if action=reinterpret pc=0x0000000004b6189c method=java.util.zip.ZipCoder.decoder()Ljava/nio/charset/CharsetDecoder; @ 4
Event: 1.759 Thread 0x0000000004844000 Uncommon trap: reason=unstable_if action=reinterpret pc=0x0000000004b5a61c method=java.util.zip.ZipCoder.decoder()Ljava/nio/charset/CharsetDecoder; @ 4
Event: 1.760 Thread 0x0000000004844000 Uncommon trap: reason=unstable_if action=reinterpret pc=0x0000000004b5196c method=java.util.zip.ZipCoder.decoder()Ljava/nio/charset/CharsetDecoder; @ 4
Event: 1.776 Thread 0x0000000004844000 Uncommon trap: reason=unstable_if action=reinterpret pc=0x0000000004b76c88 method=java.util.HashMap$HashIterator.nextNode()Ljava/util/HashMap$Node; @ 74
Event: 1.857 Thread 0x0000000004844000 Uncommon trap: reason=unstable_if action=reinterpret pc=0x0000000004b72248 method=java.util.HashMap$HashIterator.nextNode()Ljava/util/HashMap$Node; @ 74
Event: 2.045 Thread 0x0000000004844000 Uncommon trap: reason=unloaded action=reinterpret pc=0x0000000004b57ebc method=java.util.zip.ZipEntry.setExtra0([BZ)V @ 37
Event: 2.231 Thread 0x0000000004844000 Uncommon trap: reason=unstable_if action=reinterpret pc=0x0000000004b10938 method=java.lang.String.<init>([CII)V @ 18
Event: 2.410 Thread 0x0000000004844000 Uncommon trap: reason=unstable_if action=reinterpret pc=0x0000000004c6b82c method=org.objectweb.asm.Type.getArgumentsAndReturnSizes(Ljava/lang/String;)I @ 136
Event: 2.582 Thread 0x0000000004844000 Uncommon trap: reason=unstable_if action=reinterpret pc=0x0000000004cbbba8 method=java.io.BufferedOutputStream.write(I)V @ 9

Classes redefined (0 events):
No events

Internal exceptions (10 events):
Event: 1.853 Thread 0x0000000004844000 Exception <a 'sun/nio/fs/WindowsException'> (0x00000000ff1492d0) thrown at [D:\src\AOSP-openjdk-cygwin\jdk8u\hotspot\src\share\vm\prims\jni.cpp, line 709]
Event: 1.853 Thread 0x0000000004844000 Exception <a 'sun/nio/fs/WindowsException'> (0x00000000ff1498a8) thrown at [D:\src\AOSP-openjdk-cygwin\jdk8u\hotspot\src\share\vm\prims\jni.cpp, line 709]
Event: 1.853 Thread 0x0000000004844000 Exception <a 'sun/nio/fs/WindowsException'> (0x00000000ff14a078) thrown at [D:\src\AOSP-openjdk-cygwin\jdk8u\hotspot\src\share\vm\prims\jni.cpp, line 709]
Event: 1.853 Thread 0x0000000004844000 Exception <a 'sun/nio/fs/WindowsException'> (0x00000000ff14a628) thrown at [D:\src\AOSP-openjdk-cygwin\jdk8u\hotspot\src\share\vm\prims\jni.cpp, line 709]
Event: 1.853 Thread 0x0000000004844000 Exception <a 'sun/nio/fs/WindowsException'> (0x00000000ff14add8) thrown at [D:\src\AOSP-openjdk-cygwin\jdk8u\hotspot\src\share\vm\prims\jni.cpp, line 709]
Event: 1.877 Thread 0x0000000004844000 Exception <a 'sun/nio/fs/WindowsException'> (0x00000000ff1501b0) thrown at [D:\src\AOSP-openjdk-cygwin\jdk8u\hotspot\src\share\vm\prims\jni.cpp, line 709]
Event: 2.077 Thread 0x0000000004844000 Exception <a 'sun/nio/fs/WindowsException'> (0x00000000ff48c650) thrown at [D:\src\AOSP-openjdk-cygwin\jdk8u\hotspot\src\share\vm\prims\jni.cpp, line 709]
Event: 2.078 Thread 0x0000000004844000 Exception <a 'sun/nio/fs/WindowsException'> (0x00000000ff48cbd8) thrown at [D:\src\AOSP-openjdk-cygwin\jdk8u\hotspot\src\share\vm\prims\jni.cpp, line 709]
Event: 2.604 Thread 0x0000000004844000 Exception <a 'sun/nio/fs/WindowsException'> (0x00000000fed9e970) thrown at [D:\src\AOSP-openjdk-cygwin\jdk8u\hotspot\src\share\vm\prims\jni.cpp, line 709]
Event: 2.604 Thread 0x0000000004844000 Exception <a 'sun/nio/fs/WindowsException'> (0x00000000fed9ee78) thrown at [D:\src\AOSP-openjdk-cygwin\jdk8u\hotspot\src\share\vm\prims\jni.cpp, line 709]

Events (10 events):
Event: 2.580 loading class com/google/common/io/ByteArrayDataOutput done
Event: 2.581 loading class java/util/Vector$Itr
Event: 2.581 loading class java/util/Vector$Itr done
Event: 2.582 Thread 0x0000000004844000 Uncommon trap: trap_request=0xffffff65 fr.pc=0x0000000004cbbba8
Event: 2.582 Thread 0x0000000004844000 DEOPT PACKING pc=0x0000000004cbbba8 sp=0x00000000047fef40
Event: 2.582 Thread 0x0000000004844000 DEOPT UNPACKING pc=0x000000000498556a sp=0x00000000047feef0 mode 2
Event: 2.610 loading class org/objectweb/asm/tree/MethodNode$1
Event: 2.610 loading class org/objectweb/asm/tree/MethodNode$1 done
Event: 2.610 Executing VM operation: Deoptimize
Event: 2.610 Executing VM operation: Deoptimize done


Dynamic libraries:
0x00007ff7a97d0000 - 0x00007ff7a9801000 	C:\Program Files\PROGRAMY\Android\Android Studio\jre\bin\java.exe
0x00007ffa2e320000 - 0x00007ffa2e500000 	C:\WINDOWS\SYSTEM32\ntdll.dll
0x00007ffa2bf10000 - 0x00007ffa2bfbe000 	C:\WINDOWS\System32\KERNEL32.DLL
0x00007ffa2a880000 - 0x00007ffa2aae6000 	C:\WINDOWS\System32\KERNELBASE.dll
0x00007ffa2bb00000 - 0x00007ffa2bba1000 	C:\WINDOWS\System32\ADVAPI32.dll
0x00007ffa2ddd0000 - 0x00007ffa2de6d000 	C:\WINDOWS\System32\msvcrt.dll
0x00007ffa2bfc0000 - 0x00007ffa2c01b000 	C:\WINDOWS\System32\sechost.dll
0x00007ffa2c470000 - 0x00007ffa2c58f000 	C:\WINDOWS\System32\RPCRT4.dll
0x00007ffa2de70000 - 0x00007ffa2dfff000 	C:\WINDOWS\System32\USER32.dll
0x00007ffa2aaf0000 - 0x00007ffa2ab10000 	C:\WINDOWS\System32\win32u.dll
0x00007ffa2bbb0000 - 0x00007ffa2bbd8000 	C:\WINDOWS\System32\GDI32.dll
0x00007ffa2ac60000 - 0x00007ffa2adf4000 	C:\WINDOWS\System32\gdi32full.dll
0x00007ffa2abc0000 - 0x00007ffa2ac5b000 	C:\WINDOWS\System32\msvcp_win.dll
0x00007ffa2a780000 - 0x00007ffa2a876000 	C:\WINDOWS\System32\ucrtbase.dll
0x00007ffa1e780000 - 0x00007ffa1e9e9000 	C:\WINDOWS\WinSxS\amd64_microsoft.windows.common-controls_6595b64144ccf1df_6.0.16299.64_none_cc9304e22215ca8f\COMCTL32.dll
0x00007ffa2bbe0000 - 0x00007ffa2bee8000 	C:\WINDOWS\System32\combase.dll
0x00007ffa2b550000 - 0x00007ffa2b5c2000 	C:\WINDOWS\System32\bcryptPrimitives.dll
0x00007ffa2c590000 - 0x00007ffa2c5bd000 	C:\WINDOWS\System32\IMM32.DLL
0x0000000050ce0000 - 0x0000000050db2000 	C:\Program Files\PROGRAMY\Android\Android Studio\jre\jre\bin\msvcr100.dll
0x0000000050ea0000 - 0x00000000516de000 	C:\Program Files\PROGRAMY\Android\Android Studio\jre\jre\bin\server\jvm.dll
0x00007ffa2b7f0000 - 0x00007ffa2b7f8000 	C:\WINDOWS\System32\PSAPI.DLL
0x00007ffa155c0000 - 0x00007ffa155c9000 	C:\WINDOWS\SYSTEM32\WSOCK32.dll
0x00007ffa2c7a0000 - 0x00007ffa2c80c000 	C:\WINDOWS\System32\WS2_32.dll
0x00007ffa28960000 - 0x00007ffa28983000 	C:\WINDOWS\SYSTEM32\WINMM.dll
0x00007ffa21190000 - 0x00007ffa2119a000 	C:\WINDOWS\SYSTEM32\VERSION.dll
0x00007ffa28900000 - 0x00007ffa2892a000 	C:\WINDOWS\SYSTEM32\WINMMBASE.dll
0x00007ffa2b7a0000 - 0x00007ffa2b7ea000 	C:\WINDOWS\System32\cfgmgr32.dll
0x00007ffa28b20000 - 0x00007ffa28b2f000 	C:\Program Files\PROGRAMY\Android\Android Studio\jre\jre\bin\verify.dll
0x00007ffa27520000 - 0x00007ffa27549000 	C:\Program Files\PROGRAMY\Android\Android Studio\jre\jre\bin\java.dll
0x00007ffa26760000 - 0x00007ffa26776000 	C:\Program Files\PROGRAMY\Android\Android Studio\jre\jre\bin\zip.dll
0x00007ffa2c880000 - 0x00007ffa2dcb7000 	C:\WINDOWS\System32\SHELL32.dll
0x00007ffa2b9d0000 - 0x00007ffa2ba76000 	C:\WINDOWS\System32\shcore.dll
0x00007ffa2ae00000 - 0x00007ffa2b547000 	C:\WINDOWS\System32\windows.storage.dll
0x00007ffa2b8a0000 - 0x00007ffa2b8f1000 	C:\WINDOWS\System32\shlwapi.dll
0x00007ffa2a6e0000 - 0x00007ffa2a6f1000 	C:\WINDOWS\System32\kernel.appcore.dll
0x00007ffa2a690000 - 0x00007ffa2a6dc000 	C:\WINDOWS\System32\powrprof.dll
0x00007ffa2a670000 - 0x00007ffa2a68b000 	C:\WINDOWS\System32\profapi.dll
0x00007ffa2a060000 - 0x00007ffa2a077000 	C:\WINDOWS\SYSTEM32\CRYPTSP.dll
0x00007ffa29ab0000 - 0x00007ffa29ae3000 	C:\WINDOWS\system32\rsaenh.dll
0x00007ffa2a170000 - 0x00007ffa2a195000 	C:\WINDOWS\SYSTEM32\bcrypt.dll
0x00007ffa2a570000 - 0x00007ffa2a599000 	C:\WINDOWS\SYSTEM32\USERENV.dll
0x00007ffa2a080000 - 0x00007ffa2a08b000 	C:\WINDOWS\SYSTEM32\CRYPTBASE.dll
0x00007ffa26740000 - 0x00007ffa2675a000 	C:\Program Files\PROGRAMY\Android\Android Studio\jre\jre\bin\net.dll
0x00007ffa29ea0000 - 0x00007ffa29f06000 	C:\WINDOWS\system32\mswsock.dll
0x00007ffa29c30000 - 0x00007ffa29c69000 	C:\WINDOWS\SYSTEM32\IPHLPAPI.DLL
0x00007ffa2c810000 - 0x00007ffa2c818000 	C:\WINDOWS\System32\NSI.dll
0x00007ffa25190000 - 0x00007ffa251a6000 	C:\WINDOWS\SYSTEM32\dhcpcsvc6.DLL
0x00007ffa25b10000 - 0x00007ffa25b2a000 	C:\WINDOWS\SYSTEM32\dhcpcsvc.DLL
0x00007ffa1f560000 - 0x00007ffa1f571000 	C:\Program Files\PROGRAMY\Android\Android Studio\jre\jre\bin\nio.dll

VM Arguments:
jvm_args: -Djava.awt.headless=true -Xmx64M -Dfile.encoding=windows-1250 -Duser.country=PL -Duser.language=pl -Duser.variant 
java_command: com.google.devtools.build.android.desugar.Desugar --input C:\Users\micha\GIT\GitHub\books\app\build\intermediates\transforms\stackFramesFixer\debug\27.jar --output C:\Users\micha\GIT\GitHub\books\app\build\intermediates\transforms\desugar\debug\28.jar --input C:\Users\micha\GIT\GitHub\books\app\build\intermediates\transforms\stackFramesFixer\debug\33.jar --output C:\Users\micha\GIT\GitHub\books\app\build\intermediates\transforms\desugar\debug\34.jar --input C:\Users\micha\GIT\GitHub\books\app\build\intermediates\transforms\stackFramesFixer\debug\14.jar --output C:\Users\micha\GIT\GitHub\books\app\build\intermediates\transforms\desugar\debug\15.jar --input C:\Users\micha\GIT\GitHub\books\app\build\intermediates\transforms\stackFramesFixer\debug\5.jar --output C:\Users\micha\GIT\GitHub\books\app\build\intermediates\transforms\desugar\debug\6.jar --input C:\Users\micha\GIT\GitHub\books\app\build\intermediates\transforms\stackFramesFixer\debug\0.jar --output C:\Users\micha\GIT\GitHub\books\app\build\intermediates\transforms\desugar\debug\1.jar --input C:\Users\micha\GIT\GitHub\books\app\build\intermediates\transforms\stackFramesFixer\debug\1.jar --output C:\Users\micha\GIT\GitHub\books\app\build\intermediates\transforms\desugar\debug\2.jar --input C:\Users\micha\GIT\GitHub\books\app\build\intermediates\transforms\stackFramesFixer\debug\20.jar --output C:\Users\micha\GIT\GitHub\books\app\build\intermediates\transforms\desugar\debug\21.jar --input C:\Users\micha\GIT\GitHub\books\app\build\intermediates\transforms\stackFramesFixer\debug\35.jar --output C:\Users\micha\GIT\GitHub\books\app\build\intermediates\transforms\desugar\debug\36.jar --input C:\Users\micha\GIT\GitHub\books\app\build\intermediates\transforms\stackFramesFixer\debug\36.jar --output C:\Users\micha\GIT\GitHub\books\app\build\intermediates\transforms\desugar\debug\37.jar --classpath_entry C:\Users\micha\GIT\GitHub\books\app\build\intermediates\classes\debug --classpath_entry C:\Users\micha\G
java_class_path (initial): C:\Users\micha\AppData\Local\Temp\desugar_deploy.jar2924630581585312209
Launcher Type: SUN_STANDARD

Environment Variables:
PATH=C:\ProgramData\Oracle\Java\javapath;C:\WINDOWS\system32;C:\WINDOWS;C:\WINDOWS\System32\Wbem;C:\WINDOWS\System32\WindowsPowerShell\v1.0\;C:\Program Files\Microsoft SQL Server\130\Tools\Binn\;C:\Program Files\PROGRAMY\OpenVPN\bin;C:\Program Files\dotnet\;C:\Program Files\PROGRAMY\TortoiseGit\bin;C:\Program Files\Git\cmd;C:\Users\micha\AppData\Local\Microsoft\WindowsApps;;C:\Program Files (x86)\Microsoft VS Code\bin
USERNAME=micha
OS=Windows_NT
PROCESSOR_IDENTIFIER=Intel64 Family 6 Model 58 Stepping 9, GenuineIntel



---------------  S Y S T E M  ---------------

OS: Windows 10.0 , 64 bit Build 16299 (10.0.16299.15)

CPU:total 4 (initial active 4) (2 cores per cpu, 2 threads per core) family 6 model 58 stepping 9, cmov, cx8, fxsr, mmx, sse, sse2, sse3, ssse3, sse4.1, sse4.2, popcnt, avx, aes, clmul, erms, ht, tsc, tscinvbit, tscinv

Memory: 4k page, physical 12483264k(1463084k free), swap 12483264k(944k free)

vm_info: OpenJDK 64-Bit Server VM (25.152-b01) for windows-amd64 JRE (1.8.0_152-release-915-b01), built by "builder" with MS VC++ 10.0 (VS2010)

time: Thu Nov 30 10:46:50 2017
elapsed time: 2 seconds (0d 0h 0m 2s)

