#
# There is insufficient memory for the Java Runtime Environment to continue.
# Native memory allocation (malloc) failed to allocate 32744 bytes for ChunkPool::allocate
# Possible reasons:
#   The system is out of physical RAM or swap space
#   In 32 bit mode, the process size limit was hit
# Possible solutions:
#   Reduce memory load on the system
#   Increase physical memory or swap space
#   Check if swap backing store is full
#   Use 64 bit Java on a 64 bit OS
#   Decrease Java heap size (-Xmx/-Xms)
#   Decrease number of Java threads
#   Decrease Java thread stack sizes (-Xss)
#   Set larger code cache with -XX:ReservedCodeCacheSize=
# This output file may be truncated or incomplete.
#
#  Out of Memory Error (allocation.cpp:273), pid=7152, tid=0x000000000000292c
#
# JRE version: OpenJDK Runtime Environment (8.0_152-b01) (build 1.8.0_152-release-915-b01)
# Java VM: OpenJDK 64-Bit Server VM (25.152-b01 mixed mode windows-amd64 compressed oops)
# Failed to write core dump. Minidumps are not enabled by default on client versions of Windows
#

---------------  T H R E A D  ---------------

Current thread (0x0000000014ba4000):  JavaThread "C2 CompilerThread1" daemon [_thread_in_native, id=10540, stack(0x0000000016320000,0x0000000016420000)]

Stack: [0x0000000016320000,0x0000000016420000]
[error occurred during error reporting (printing stack bounds), id 0xc0000005]

Native frames: (J=compiled Java code, j=interpreted, Vv=VM code, C=native code)


Current CompileTask:
C2:   5291  905 %     4       org.objectweb.asm.ClassReader::a @ 1480 (3587 bytes)


---------------  P R O C E S S  ---------------

Java Threads: ( => current thread )
  0x0000000014bfd000 JavaThread "Service Thread" daemon [_thread_blocked, id=5804, stack(0x0000000016920000,0x0000000016a20000)]
  0x0000000016430800 JavaThread "C1 CompilerThread2" daemon [_thread_blocked, id=5816, stack(0x0000000016820000,0x0000000016920000)]
=>0x0000000014ba4000 JavaThread "C2 CompilerThread1" daemon [_thread_in_native, id=10540, stack(0x0000000016320000,0x0000000016420000)]
  0x0000000014ba2000 JavaThread "C2 CompilerThread0" daemon [_thread_blocked, id=9796, stack(0x0000000016220000,0x0000000016320000)]
  0x0000000014b9f800 JavaThread "Attach Listener" daemon [_thread_blocked, id=4976, stack(0x0000000016120000,0x0000000016220000)]
  0x0000000014b9e000 JavaThread "Signal Dispatcher" daemon [_thread_blocked, id=10524, stack(0x0000000016020000,0x0000000016120000)]
  0x0000000014b88000 JavaThread "Finalizer" daemon [_thread_blocked, id=10588, stack(0x0000000015e20000,0x0000000015f20000)]
  0x0000000004834800 JavaThread "Reference Handler" daemon [_thread_blocked, id=1012, stack(0x0000000015d20000,0x0000000015e20000)]
  0x0000000004744000 JavaThread "main" [_thread_in_native, id=9128, stack(0x0000000004610000,0x0000000004710000)]

Other Threads:
  0x0000000014b65000 VMThread [stack: 0x0000000015c20000,0x0000000015d20000] [id=7584]
  0x0000000016431000 WatcherThread [stack: 0x0000000016a20000,0x0000000016b20000] [id=12996]

VM state:not at safepoint (normal execution)

VM Mutex/Monitor currently owned by a thread: None

Heap:
 PSYoungGen      total 18944K, used 18227K [0x00000000feb00000, 0x0000000100000000, 0x0000000100000000)
  eden space 16384K, 95% used [0x00000000feb00000,0x00000000ffa50e28,0x00000000ffb00000)
  from space 2560K, 99% used [0x00000000ffb00000,0x00000000ffd7c020,0x00000000ffd80000)
  to   space 2560K, 0% used [0x00000000ffd80000,0x00000000ffd80000,0x0000000100000000)
 ParOldGen       total 44032K, used 1584K [0x00000000fc000000, 0x00000000feb00000, 0x00000000feb00000)
  object space 44032K, 3% used [0x00000000fc000000,0x00000000fc18c300,0x00000000feb00000)
 Metaspace       used 7548K, capacity 7772K, committed 7936K, reserved 1056768K
  class space    used 873K, capacity 956K, committed 1024K, reserved 1048576K

Card table byte_map: [0x0000000002bb0000,0x0000000002be0000] byte_map_base: 0x00000000023d0000

Marking Bits: (ParMarkBitMap*) 0x0000000067cc3950
 Begin Bits: [0x0000000014000000, 0x0000000014100000)
 End Bits:   [0x0000000014100000, 0x0000000014200000)

Polling page: 0x0000000002b30000

CodeCache: size=245760Kb used=3477Kb max_used=3478Kb free=242282Kb
 bounds [0x0000000004840000, 0x0000000004bb0000, 0x0000000013840000]
 total_blobs=1236 nmethods=905 adapters=245
 compilation: enabled

Compilation events (10 events):
Event: 5.145 Thread 0x0000000016430800 nmethod 901 0x0000000004ba3310 code [0x0000000004ba3660, 0x0000000004ba51d8]
Event: 5.145 Thread 0x0000000016430800  904       3       org.objectweb.asm.ClassWriter::newUTF8 (70 bytes)
Event: 5.145 Thread 0x0000000016430800 nmethod 904 0x0000000004ba5ed0 code [0x0000000004ba6080, 0x0000000004ba64b8]
Event: 5.145 Thread 0x0000000016430800  902       3       org.objectweb.asm.tree.MethodNode::visitTypeInsn (17 bytes)
Event: 5.146 Thread 0x0000000016430800 nmethod 902 0x0000000004b94ad0 code [0x0000000004b94c60, 0x0000000004b94fa8]
Event: 5.146 Thread 0x0000000016430800  903       3       org.objectweb.asm.tree.TypeInsnNode::<init> (11 bytes)
Event: 5.146 Thread 0x0000000016430800 nmethod 903 0x0000000004b86110 code [0x0000000004b86280, 0x0000000004b864b0]
Event: 5.148 Thread 0x0000000014ba2000 nmethod 899 0x0000000004ba7690 code [0x0000000004ba7800, 0x0000000004ba7b98]
Event: 5.194 Thread 0x0000000016430800  906       3       com.google.common.base.Preconditions::checkArgument (34 bytes)
Event: 5.195 Thread 0x0000000016430800 nmethod 906 0x0000000004ba6c50 code [0x0000000004ba6e00, 0x0000000004ba7458]

GC Heap History (2 events):
Event: 3.919 GC heap before
{Heap before GC invocations=1 (full 0):
 PSYoungGen      total 18944K, used 16384K [0x00000000feb00000, 0x0000000100000000, 0x0000000100000000)
  eden space 16384K, 100% used [0x00000000feb00000,0x00000000ffb00000,0x00000000ffb00000)
  from space 2560K, 0% used [0x00000000ffd80000,0x00000000ffd80000,0x0000000100000000)
  to   space 2560K, 0% used [0x00000000ffb00000,0x00000000ffb00000,0x00000000ffd80000)
 ParOldGen       total 44032K, used 0K [0x00000000fc000000, 0x00000000feb00000, 0x00000000feb00000)
  object space 44032K, 0% used [0x00000000fc000000,0x00000000fc000000,0x00000000feb00000)
 Metaspace       used 6523K, capacity 6670K, committed 6784K, reserved 1056768K
  class space    used 768K, capacity 823K, committed 896K, reserved 1048576K
Event: 3.926 GC heap after
Heap after GC invocations=1 (full 0):
 PSYoungGen      total 18944K, used 2544K [0x00000000feb00000, 0x0000000100000000, 0x0000000100000000)
  eden space 16384K, 0% used [0x00000000feb00000,0x00000000feb00000,0x00000000ffb00000)
  from space 2560K, 99% used [0x00000000ffb00000,0x00000000ffd7c020,0x00000000ffd80000)
  to   space 2560K, 0% used [0x00000000ffd80000,0x00000000ffd80000,0x0000000100000000)
 ParOldGen       total 44032K, used 1584K [0x00000000fc000000, 0x00000000feb00000, 0x00000000feb00000)
  object space 44032K, 3% used [0x00000000fc000000,0x00000000fc18c300,0x00000000feb00000)
 Metaspace       used 6523K, capacity 6670K, committed 6784K, reserved 1056768K
  class space    used 768K, capacity 823K, committed 896K, reserved 1048576K
}

Deoptimization events (10 events):
Event: 3.832 Thread 0x0000000004744000 Uncommon trap: reason=unstable_if action=reinterpret pc=0x0000000004a746dc method=java.util.zip.ZipCoder.decoder()Ljava/nio/charset/CharsetDecoder; @ 4
Event: 4.031 Thread 0x0000000004744000 Uncommon trap: reason=unstable_if action=reinterpret pc=0x0000000004a70740 method=java.util.zip.ZipFile.getZipEntry(Ljava/lang/String;J)Ljava/util/zip/ZipEntry; @ 19
Event: 4.321 Thread 0x0000000004744000 Uncommon trap: reason=unloaded action=reinterpret pc=0x0000000004a796fc method=java.util.zip.ZipEntry.setExtra0([BZ)V @ 37
Event: 4.638 Thread 0x0000000004744000 Uncommon trap: reason=unstable_if action=reinterpret pc=0x0000000004a18b78 method=java.lang.String.<init>([CII)V @ 18
Event: 4.905 Thread 0x0000000004744000 Uncommon trap: reason=class_check action=maybe_recompile pc=0x0000000004b62888 method=org.objectweb.asm.MethodVisitor.visitVarInsn(II)V @ 13
Event: 4.905 Thread 0x0000000004744000 Uncommon trap: reason=class_check action=maybe_recompile pc=0x0000000004b62888 method=org.objectweb.asm.MethodVisitor.visitVarInsn(II)V @ 13
Event: 4.905 Thread 0x0000000004744000 Uncommon trap: reason=class_check action=maybe_recompile pc=0x0000000004b62888 method=org.objectweb.asm.MethodVisitor.visitVarInsn(II)V @ 13
Event: 4.905 Thread 0x0000000004744000 Uncommon trap: reason=class_check action=maybe_recompile pc=0x0000000004b62888 method=org.objectweb.asm.MethodVisitor.visitVarInsn(II)V @ 13
Event: 5.139 Thread 0x0000000004744000 Uncommon trap: reason=unstable_if action=reinterpret pc=0x0000000004b12bc0 method=org.objectweb.asm.ClassReader.a(II[C)Ljava/lang/String; @ 77
Event: 5.144 Thread 0x0000000004744000 Uncommon trap: reason=unstable_if action=reinterpret pc=0x0000000004b852fc method=org.objectweb.asm.ByteVector.putUTF8(Ljava/lang/String;)Lorg/objectweb/asm/ByteVector; @ 98

Classes redefined (0 events):
No events

Internal exceptions (10 events):
Event: 4.099 Thread 0x0000000004744000 Exception <a 'sun/nio/fs/WindowsException'> (0x00000000ff158948) thrown at [D:\src\AOSP-openjdk-cygwin\jdk8u\hotspot\src\share\vm\prims\jni.cpp, line 709]
Event: 4.121 Thread 0x0000000004744000 Exception <a 'sun/nio/fs/WindowsException'> (0x00000000ff15dd20) thrown at [D:\src\AOSP-openjdk-cygwin\jdk8u\hotspot\src\share\vm\prims\jni.cpp, line 709]
Event: 4.401 Thread 0x0000000004744000 Exception <a 'sun/nio/fs/WindowsException'> (0x00000000ff49b3a0) thrown at [D:\src\AOSP-openjdk-cygwin\jdk8u\hotspot\src\share\vm\prims\jni.cpp, line 709]
Event: 4.401 Thread 0x0000000004744000 Exception <a 'sun/nio/fs/WindowsException'> (0x00000000ff49b928) thrown at [D:\src\AOSP-openjdk-cygwin\jdk8u\hotspot\src\share\vm\prims\jni.cpp, line 709]
Event: 4.822 Thread 0x0000000004744000 Exception <a 'sun/nio/fs/WindowsException'> (0x00000000ff79ce30) thrown at [D:\src\AOSP-openjdk-cygwin\jdk8u\hotspot\src\share\vm\prims\jni.cpp, line 709]
Event: 4.822 Thread 0x0000000004744000 Exception <a 'sun/nio/fs/WindowsException'> (0x00000000ff79d338) thrown at [D:\src\AOSP-openjdk-cygwin\jdk8u\hotspot\src\share\vm\prims\jni.cpp, line 709]
Event: 4.899 Thread 0x0000000004744000 Exception <a 'sun/nio/fs/WindowsException'> (0x00000000ff8e70f8) thrown at [D:\src\AOSP-openjdk-cygwin\jdk8u\hotspot\src\share\vm\prims\jni.cpp, line 709]
Event: 4.901 Thread 0x0000000004744000 Exception <a 'sun/nio/fs/WindowsException'> (0x00000000ff8e7600) thrown at [D:\src\AOSP-openjdk-cygwin\jdk8u\hotspot\src\share\vm\prims\jni.cpp, line 709]
Event: 5.128 Thread 0x0000000004744000 Exception <a 'sun/nio/fs/WindowsException'> (0x00000000ff952260) thrown at [D:\src\AOSP-openjdk-cygwin\jdk8u\hotspot\src\share\vm\prims\jni.cpp, line 709]
Event: 5.128 Thread 0x0000000004744000 Exception <a 'sun/nio/fs/WindowsException'> (0x00000000ff952768) thrown at [D:\src\AOSP-openjdk-cygwin\jdk8u\hotspot\src\share\vm\prims\jni.cpp, line 709]

Events (10 events):
Event: 4.905 Thread 0x0000000004744000 DEOPT UNPACKING pc=0x000000000488556a sp=0x000000000470eea0 mode 2
Event: 4.905 Thread 0x0000000004744000 Uncommon trap: trap_request=0xffffffde fr.pc=0x0000000004b62888
Event: 4.905 Thread 0x0000000004744000 DEOPT PACKING pc=0x0000000004b62888 sp=0x000000000470eef0
Event: 4.905 Thread 0x0000000004744000 DEOPT UNPACKING pc=0x000000000488556a sp=0x000000000470eea0 mode 2
Event: 5.139 Thread 0x0000000004744000 Uncommon trap: trap_request=0xffffff65 fr.pc=0x0000000004b12bc0
Event: 5.139 Thread 0x0000000004744000 DEOPT PACKING pc=0x0000000004b12bc0 sp=0x000000000470eb50
Event: 5.139 Thread 0x0000000004744000 DEOPT UNPACKING pc=0x000000000488556a sp=0x000000000470ea68 mode 2
Event: 5.144 Thread 0x0000000004744000 Uncommon trap: trap_request=0xffffff65 fr.pc=0x0000000004b852fc
Event: 5.144 Thread 0x0000000004744000 DEOPT PACKING pc=0x0000000004b852fc sp=0x000000000470ec40
Event: 5.144 Thread 0x0000000004744000 DEOPT UNPACKING pc=0x000000000488556a sp=0x000000000470eb90 mode 2


Dynamic libraries:
0x00007ff75e370000 - 0x00007ff75e3a1000 	C:\Program Files\PROGRAMY\Android\Android Studio\jre\bin\java.exe
0x00007ffa8b260000 - 0x00007ffa8b440000 	C:\WINDOWS\SYSTEM32\ntdll.dll
0x00007ffa8a880000 - 0x00007ffa8a92e000 	C:\WINDOWS\System32\KERNEL32.DLL
0x00007ffa88390000 - 0x00007ffa885f6000 	C:\WINDOWS\System32\KERNELBASE.dll
0x00007ffa88730000 - 0x00007ffa887d1000 	C:\WINDOWS\System32\ADVAPI32.dll
0x00007ffa8afa0000 - 0x00007ffa8b03d000 	C:\WINDOWS\System32\msvcrt.dll
0x00007ffa8af40000 - 0x00007ffa8af9b000 	C:\WINDOWS\System32\sechost.dll
0x00007ffa8a760000 - 0x00007ffa8a87f000 	C:\WINDOWS\System32\RPCRT4.dll
0x00007ffa89190000 - 0x00007ffa8931f000 	C:\WINDOWS\System32\USER32.dll
0x00007ffa87830000 - 0x00007ffa87850000 	C:\WINDOWS\System32\win32u.dll
0x00007ffa88d90000 - 0x00007ffa88db8000 	C:\WINDOWS\System32\GDI32.dll
0x00007ffa880a0000 - 0x00007ffa88234000 	C:\WINDOWS\System32\gdi32full.dll
0x00007ffa87850000 - 0x00007ffa878eb000 	C:\WINDOWS\System32\msvcp_win.dll
0x00007ffa88290000 - 0x00007ffa88386000 	C:\WINDOWS\System32\ucrtbase.dll
0x00007ffa7c920000 - 0x00007ffa7cb89000 	C:\WINDOWS\WinSxS\amd64_microsoft.windows.common-controls_6595b64144ccf1df_6.0.16299.64_none_cc9304e22215ca8f\COMCTL32.dll
0x00007ffa88e80000 - 0x00007ffa89188000 	C:\WINDOWS\System32\combase.dll
0x00007ffa88600000 - 0x00007ffa88672000 	C:\WINDOWS\System32\bcryptPrimitives.dll
0x00007ffa8af10000 - 0x00007ffa8af3d000 	C:\WINDOWS\System32\IMM32.DLL
0x0000000067340000 - 0x0000000067412000 	C:\Program Files\PROGRAMY\Android\Android Studio\jre\jre\bin\msvcr100.dll
0x0000000067500000 - 0x0000000067d3e000 	C:\Program Files\PROGRAMY\Android\Android Studio\jre\jre\bin\server\jvm.dll
0x00007ffa8b220000 - 0x00007ffa8b228000 	C:\WINDOWS\System32\PSAPI.DLL
0x00007ffa73de0000 - 0x00007ffa73de9000 	C:\WINDOWS\SYSTEM32\WSOCK32.dll
0x00007ffa8aea0000 - 0x00007ffa8af0c000 	C:\WINDOWS\System32\WS2_32.dll
0x00007ffa85a00000 - 0x00007ffa85a23000 	C:\WINDOWS\SYSTEM32\WINMM.dll
0x00007ffa7e9a0000 - 0x00007ffa7e9aa000 	C:\WINDOWS\SYSTEM32\VERSION.dll
0x00007ffa85950000 - 0x00007ffa8597a000 	C:\WINDOWS\SYSTEM32\WINMMBASE.dll
0x00007ffa88240000 - 0x00007ffa8828a000 	C:\WINDOWS\System32\cfgmgr32.dll
0x00007ffa7d2b0000 - 0x00007ffa7d2bf000 	C:\Program Files\PROGRAMY\Android\Android Studio\jre\jre\bin\verify.dll
0x00007ffa6f570000 - 0x00007ffa6f599000 	C:\Program Files\PROGRAMY\Android\Android Studio\jre\jre\bin\java.dll
0x00007ffa6f550000 - 0x00007ffa6f566000 	C:\Program Files\PROGRAMY\Android\Android Studio\jre\jre\bin\zip.dll
0x00007ffa89320000 - 0x00007ffa8a757000 	C:\WINDOWS\System32\SHELL32.dll
0x00007ffa8ad80000 - 0x00007ffa8ae26000 	C:\WINDOWS\System32\shcore.dll
0x00007ffa87950000 - 0x00007ffa88097000 	C:\WINDOWS\System32\windows.storage.dll
0x00007ffa88b00000 - 0x00007ffa88b51000 	C:\WINDOWS\System32\shlwapi.dll
0x00007ffa87640000 - 0x00007ffa87651000 	C:\WINDOWS\System32\kernel.appcore.dll
0x00007ffa875d0000 - 0x00007ffa8761c000 	C:\WINDOWS\System32\powrprof.dll
0x00007ffa875b0000 - 0x00007ffa875cb000 	C:\WINDOWS\System32\profapi.dll
0x00007ffa86fa0000 - 0x00007ffa86fb7000 	C:\WINDOWS\SYSTEM32\CRYPTSP.dll
0x00007ffa869f0000 - 0x00007ffa86a23000 	C:\WINDOWS\system32\rsaenh.dll
0x00007ffa870b0000 - 0x00007ffa870d5000 	C:\WINDOWS\SYSTEM32\bcrypt.dll
0x00007ffa874e0000 - 0x00007ffa87509000 	C:\WINDOWS\SYSTEM32\USERENV.dll
0x00007ffa86fc0000 - 0x00007ffa86fcb000 	C:\WINDOWS\SYSTEM32\CRYPTBASE.dll
0x00007ffa6f530000 - 0x00007ffa6f54a000 	C:\Program Files\PROGRAMY\Android\Android Studio\jre\jre\bin\net.dll
0x00007ffa86de0000 - 0x00007ffa86e46000 	C:\WINDOWS\system32\mswsock.dll
0x00007ffa86b70000 - 0x00007ffa86ba9000 	C:\WINDOWS\SYSTEM32\IPHLPAPI.DLL
0x00007ffa88950000 - 0x00007ffa88958000 	C:\WINDOWS\System32\NSI.dll
0x00007ffa83050000 - 0x00007ffa83066000 	C:\WINDOWS\SYSTEM32\dhcpcsvc6.DLL
0x00007ffa83030000 - 0x00007ffa8304a000 	C:\WINDOWS\SYSTEM32\dhcpcsvc.DLL
0x00007ffa6f510000 - 0x00007ffa6f521000 	C:\Program Files\PROGRAMY\Android\Android Studio\jre\jre\bin\nio.dll

VM Arguments:
jvm_args: -Djava.awt.headless=true -Xmx64M -Dfile.encoding=windows-1250 -Duser.country=PL -Duser.language=pl -Duser.variant 
java_command: com.google.devtools.build.android.desugar.Desugar --input C:\Users\micha\GIT\GitHub\books\app\build\intermediates\transforms\stackFramesFixer\debug\9.jar --output C:\Users\micha\GIT\GitHub\books\app\build\intermediates\transforms\desugar\debug\10.jar --input C:\Users\micha\GIT\GitHub\books\app\build\intermediates\transforms\stackFramesFixer\debug\2.jar --output C:\Users\micha\GIT\GitHub\books\app\build\intermediates\transforms\desugar\debug\3.jar --input C:\Users\micha\GIT\GitHub\books\app\build\intermediates\transforms\stackFramesFixer\debug\29.jar --output C:\Users\micha\GIT\GitHub\books\app\build\intermediates\transforms\desugar\debug\30.jar --input C:\Users\micha\GIT\GitHub\books\app\build\intermediates\transforms\stackFramesFixer\debug\4.jar --output C:\Users\micha\GIT\GitHub\books\app\build\intermediates\transforms\desugar\debug\5.jar --input C:\Users\micha\GIT\GitHub\books\app\build\intermediates\transforms\stackFramesFixer\debug\31.jar --output C:\Users\micha\GIT\GitHub\books\app\build\intermediates\transforms\desugar\debug\32.jar --input C:\Users\micha\GIT\GitHub\books\app\build\intermediates\transforms\stackFramesFixer\debug\11.jar --output C:\Users\micha\GIT\GitHub\books\app\build\intermediates\transforms\desugar\debug\12.jar --input C:\Users\micha\GIT\GitHub\books\app\build\intermediates\transforms\stackFramesFixer\debug\24.jar --output C:\Users\micha\GIT\GitHub\books\app\build\intermediates\transforms\desugar\debug\25.jar --input C:\Users\micha\GIT\GitHub\books\app\build\intermediates\classes\debug --output C:\Users\micha\GIT\GitHub\books\app\build\intermediates\transforms\desugar\debug\0 --input C:\Users\micha\GIT\GitHub\books\app\build\intermediates\transforms\stackFramesFixer\debug\23.jar --output C:\Users\micha\GIT\GitHub\books\app\build\intermediates\transforms\desugar\debug\24.jar --classpath_entry C:\Users\micha\GIT\GitHub\books\app\build\intermediates\classes\debug --classpath_entry C:\Users\micha\GIT\GitHub\books\app\build\inter
java_class_path (initial): C:\Users\micha\AppData\Local\Temp\desugar_deploy.jar701461765209681246
Launcher Type: SUN_STANDARD

Environment Variables:
PATH=C:\ProgramData\Oracle\Java\javapath;C:\WINDOWS\system32;C:\WINDOWS;C:\WINDOWS\System32\Wbem;C:\WINDOWS\System32\WindowsPowerShell\v1.0\;C:\Program Files\Microsoft SQL Server\130\Tools\Binn\;C:\Program Files\PROGRAMY\OpenVPN\bin;C:\Program Files\dotnet\;C:\Program Files\PROGRAMY\TortoiseGit\bin;C:\Program Files\Git\cmd;C:\Users\micha\AppData\Local\Microsoft\WindowsApps;;C:\Program Files (x86)\Microsoft VS Code\bin
USERNAME=micha
OS=Windows_NT
PROCESSOR_IDENTIFIER=Intel64 Family 6 Model 58 Stepping 9, GenuineIntel



---------------  S Y S T E M  ---------------

OS: Windows 10.0 , 64 bit Build 16299 (10.0.16299.15)

CPU:total 4 (initial active 4) (2 cores per cpu, 2 threads per core) family 6 model 58 stepping 9, cmov, cx8, fxsr, mmx, sse, sse2, sse3, ssse3, sse4.1, sse4.2, popcnt, avx, aes, clmul, erms, ht, tsc, tscinvbit, tscinv

Memory: 4k page, physical 12483264k(2039356k free), swap 12483264k(804k free)

vm_info: OpenJDK 64-Bit Server VM (25.152-b01) for windows-amd64 JRE (1.8.0_152-release-915-b01), built by "builder" with MS VC++ 10.0 (VS2010)

time: Tue Dec 05 13:28:59 2017
elapsed time: 5 seconds (0d 0h 0m 5s)

